#
# A fatal error has been detected by the Java Runtime Environment:
#
#  SIGFPE (0x8) at pc=0x000000011a5aef48, pid=7931, tid=38403
#
# JRE version: OpenJDK Runtime Environment (13.0.2+8) (build 13.0.2+8)
# Java VM: OpenJDK 64-Bit Server VM (13.0.2+8, mixed mode, sharing, tiered, compressed oops, g1 gc, bsd-amd64)
# Problematic frame:
# j  SumOfMultiples.sum(Ljava/util/Set;I)I+49
#
# No core dump will be written. Core dumps have been disabled. To enable core dumping, try "ulimit -c unlimited" before starting Java again
#
# If you would like to submit a bug report, please visit:
#   https://github.com/AdoptOpenJDK/openjdk-support/issues
#

---------------  S U M M A R Y ------------

Command Line: -Dorg.gradle.native=false -Xmx512m -Dfile.encoding=UTF-8 -Duser.country=GB -Duser.language=en -Duser.variant -ea worker.org.gradle.process.internal.worker.GradleWorkerMain 'Gradle Test Executor 5'

Host: MacBookAir10,1 x86_64 2400 MHz, 8 cores, 16G, Darwin 20.2.0
Time: Fri Jan 29 21:18:38 2021 +08 elapsed time: 0 seconds (0d 0h 0m 0s)

---------------  T H R E A D  ---------------

Current thread (0x00007faeca081800):  JavaThread "Test worker" [_thread_in_Java, id=38403, stack(0x000000030b250000,0x000000030b350000)]

Stack: [0x000000030b250000,0x000000030b350000],  sp=0x000000030b34d8f0,  free space=1014k
Native frames: (J=compiled Java code, A=aot compiled Java code, j=interpreted, Vv=VM code, C=native code)
j  SumOfMultiples.sum(Ljava/util/Set;I)I+49
j  SumOfMultiplesTest.the factor 0 does not affect the sum of multiples of other factors()V+29
v  ~StubRoutines::call_stub
V  [libjvm.dylib+0x39e60d]  JavaCalls::call_helper(JavaValue*, methodHandle const&, JavaCallArguments*, Thread*)+0x26b
V  [libjvm.dylib+0x681828]  invoke(InstanceKlass*, methodHandle const&, Handle, bool, objArrayHandle, BasicType, objArrayHandle, bool, Thread*)+0x550
V  [libjvm.dylib+0x68127a]  Reflection::invoke_method(oopDesc*, Handle, objArrayHandle, Thread*)+0xe6
V  [libjvm.dylib+0x41dd37]  JVM_InvokeMethod+0x1c0
j  jdk.internal.reflect.NativeMethodAccessorImpl.invoke0(Ljava/lang/reflect/Method;Ljava/lang/Object;[Ljava/lang/Object;)Ljava/lang/Object;+0 java.base@13.0.2
j  jdk.internal.reflect.NativeMethodAccessorImpl.invoke(Ljava/lang/Object;[Ljava/lang/Object;)Ljava/lang/Object;+100 java.base@13.0.2
j  jdk.internal.reflect.DelegatingMethodAccessorImpl.invoke(Ljava/lang/Object;[Ljava/lang/Object;)Ljava/lang/Object;+6 java.base@13.0.2
j  java.lang.reflect.Method.invoke(Ljava/lang/Object;[Ljava/lang/Object;)Ljava/lang/Object;+59 java.base@13.0.2
j  org.junit.runners.model.FrameworkMethod$1.runReflectiveCall()Ljava/lang/Object;+15
j  org.junit.internal.runners.model.ReflectiveCallable.run()Ljava/lang/Object;+1
j  org.junit.runners.model.FrameworkMethod.invokeExplosively(Ljava/lang/Object;[Ljava/lang/Object;)Ljava/lang/Object;+10
j  org.junit.internal.runners.statements.InvokeMethod.evaluate()V+12
j  org.junit.runners.ParentRunner.runLeaf(Lorg/junit/runners/model/Statement;Lorg/junit/runner/Description;Lorg/junit/runner/notification/RunNotifier;)V+17
j  org.junit.runners.BlockJUnit4ClassRunner.runChild(Lorg/junit/runners/model/FrameworkMethod;Lorg/junit/runner/notification/RunNotifier;)V+30
j  org.junit.runners.BlockJUnit4ClassRunner.runChild(Ljava/lang/Object;Lorg/junit/runner/notification/RunNotifier;)V+6
j  org.junit.runners.ParentRunner$3.run()V+12
j  org.junit.runners.ParentRunner$1.schedule(Ljava/lang/Runnable;)V+1
j  org.junit.runners.ParentRunner.runChildren(Lorg/junit/runner/notification/RunNotifier;)V+44
j  org.junit.runners.ParentRunner.access$000(Lorg/junit/runners/ParentRunner;Lorg/junit/runner/notification/RunNotifier;)V+2
j  org.junit.runners.ParentRunner$2.evaluate()V+8
j  org.junit.runners.ParentRunner.run(Lorg/junit/runner/notification/RunNotifier;)V+20
j  org.gradle.api.internal.tasks.testing.junit.JUnitTestClassExecutor.runTestClass(Ljava/lang/String;)V+296
j  org.gradle.api.internal.tasks.testing.junit.JUnitTestClassExecutor.execute(Ljava/lang/String;)V+14
j  org.gradle.api.internal.tasks.testing.junit.JUnitTestClassExecutor.execute(Ljava/lang/Object;)V+5
j  org.gradle.api.internal.tasks.testing.junit.AbstractJUnitTestClassProcessor.processTestClass(Lorg/gradle/api/internal/tasks/testing/TestClassRunInfo;)V+26
j  org.gradle.api.internal.tasks.testing.SuiteTestClassProcessor.processTestClass(Lorg/gradle/api/internal/tasks/testing/TestClassRunInfo;)V+5
v  ~StubRoutines::call_stub
V  [libjvm.dylib+0x39e60d]  JavaCalls::call_helper(JavaValue*, methodHandle const&, JavaCallArguments*, Thread*)+0x26b
V  [libjvm.dylib+0x681828]  invoke(InstanceKlass*, methodHandle const&, Handle, bool, objArrayHandle, BasicType, objArrayHandle, bool, Thread*)+0x550
V  [libjvm.dylib+0x68127a]  Reflection::invoke_method(oopDesc*, Handle, objArrayHandle, Thread*)+0xe6
V  [libjvm.dylib+0x41dd37]  JVM_InvokeMethod+0x1c0
j  jdk.internal.reflect.NativeMethodAccessorImpl.invoke0(Ljava/lang/reflect/Method;Ljava/lang/Object;[Ljava/lang/Object;)Ljava/lang/Object;+0 java.base@13.0.2
j  jdk.internal.reflect.NativeMethodAccessorImpl.invoke(Ljava/lang/Object;[Ljava/lang/Object;)Ljava/lang/Object;+100 java.base@13.0.2
j  jdk.internal.reflect.DelegatingMethodAccessorImpl.invoke(Ljava/lang/Object;[Ljava/lang/Object;)Ljava/lang/Object;+6 java.base@13.0.2
j  java.lang.reflect.Method.invoke(Ljava/lang/Object;[Ljava/lang/Object;)Ljava/lang/Object;+59 java.base@13.0.2
j  org.gradle.internal.dispatch.ReflectionDispatch.dispatch(Lorg/gradle/internal/dispatch/MethodInvocation;)V+19
j  org.gradle.internal.dispatch.ReflectionDispatch.dispatch(Ljava/lang/Object;)V+5
j  org.gradle.internal.dispatch.ContextClassLoaderDispatch.dispatch(Ljava/lang/Object;)V+22
j  org.gradle.internal.dispatch.ProxyDispatchAdapter$DispatchingInvocationHandler.invoke(Ljava/lang/Object;Ljava/lang/reflect/Method;[Ljava/lang/Object;)Ljava/lang/Object;+177
j  com.sun.proxy.$Proxy2.processTestClass(Lorg/gradle/api/internal/tasks/testing/TestClassRunInfo;)V+16
j  org.gradle.api.internal.tasks.testing.worker.TestWorker.processTestClass(Lorg/gradle/api/internal/tasks/testing/TestClassRunInfo;)V+13
v  ~StubRoutines::call_stub
V  [libjvm.dylib+0x39e60d]  JavaCalls::call_helper(JavaValue*, methodHandle const&, JavaCallArguments*, Thread*)+0x26b
V  [libjvm.dylib+0x681828]  invoke(InstanceKlass*, methodHandle const&, Handle, bool, objArrayHandle, BasicType, objArrayHandle, bool, Thread*)+0x550
V  [libjvm.dylib+0x68127a]  Reflection::invoke_method(oopDesc*, Handle, objArrayHandle, Thread*)+0xe6
V  [libjvm.dylib+0x41dd37]  JVM_InvokeMethod+0x1c0
j  jdk.internal.reflect.NativeMethodAccessorImpl.invoke0(Ljava/lang/reflect/Method;Ljava/lang/Object;[Ljava/lang/Object;)Ljava/lang/Object;+0 java.base@13.0.2
j  jdk.internal.reflect.NativeMethodAccessorImpl.invoke(Ljava/lang/Object;[Ljava/lang/Object;)Ljava/lang/Object;+100 java.base@13.0.2
j  jdk.internal.reflect.DelegatingMethodAccessorImpl.invoke(Ljava/lang/Object;[Ljava/lang/Object;)Ljava/lang/Object;+6 java.base@13.0.2
j  java.lang.reflect.Method.invoke(Ljava/lang/Object;[Ljava/lang/Object;)Ljava/lang/Object;+59 java.base@13.0.2
j  org.gradle.internal.dispatch.ReflectionDispatch.dispatch(Lorg/gradle/internal/dispatch/MethodInvocation;)V+19
j  org.gradle.internal.dispatch.ReflectionDispatch.dispatch(Ljava/lang/Object;)V+5
j  org.gradle.internal.remote.internal.hub.MessageHubBackedObjectConnection$DispatchWrapper.dispatch(Lorg/gradle/internal/dispatch/MethodInvocation;)V+5
j  org.gradle.internal.remote.internal.hub.MessageHubBackedObjectConnection$DispatchWrapper.dispatch(Ljava/lang/Object;)V+5
j  org.gradle.internal.remote.internal.hub.MessageHub$Handler.run()V+174
j  org.gradle.internal.concurrent.ExecutorPolicy$CatchAndRecordFailures.onExecute(Ljava/lang/Runnable;)V+1
j  org.gradle.internal.concurrent.ManagedExecutorImpl$1.run()V+25
j  java.util.concurrent.ThreadPoolExecutor.runWorker(Ljava/util/concurrent/ThreadPoolExecutor$Worker;)V+92 java.base@13.0.2
j  java.util.concurrent.ThreadPoolExecutor$Worker.run()V+5 java.base@13.0.2
j  org.gradle.internal.concurrent.ThreadFactoryImpl$ManagedThreadRunnable.run()V+7
j  java.lang.Thread.run()V+11 java.base@13.0.2
v  ~StubRoutines::call_stub
V  [libjvm.dylib+0x39e60d]  JavaCalls::call_helper(JavaValue*, methodHandle const&, JavaCallArguments*, Thread*)+0x26b
V  [libjvm.dylib+0x39da01]  JavaCalls::call_virtual(JavaValue*, Klass*, Symbol*, Symbol*, JavaCallArguments*, Thread*)+0xe7
V  [libjvm.dylib+0x39dabe]  JavaCalls::call_virtual(JavaValue*, Handle, Klass*, Symbol*, Symbol*, Thread*)+0x62
V  [libjvm.dylib+0x41b07a]  thread_entry(JavaThread*, Thread*)+0x78
V  [libjvm.dylib+0x790308]  JavaThread::thread_main_inner()+0x86
V  [libjvm.dylib+0x790146]  JavaThread::run()+0x124
V  [libjvm.dylib+0x78df27]  Thread::call_run()+0x71
V  [libjvm.dylib+0x623275]  thread_native_entry(Thread*)+0x132
C  [libsystem_pthread.dylib+0x6950]  _pthread_start+0xe0
C  [libsystem_pthread.dylib+0x247b]  thread_start+0xf


siginfo: si_signo: 8 (SIGFPE), si_code: 5 (FPE_FLTINV), si_addr: 0x000000011a5aef48

Register to memory mapping:

RAX=0x0000000000000001 is an unknown value
RBX=0x0000000000000070 is an unknown value
RCX=0x0 is NULL
RDX=0x0 is NULL
RSP=0x000000030b34d8f0 is pointing into the stack for thread: 0x00007faeca081800
RBP=0x000000030b34d938 is pointing into the stack for thread: 0x00007faeca081800
RSI=0x00000007fff70c50 is an oop: java.lang.Integer 
{0x00000007fff70c50} - klass: 'java/lang/Integer'
RDI=0x000000012c82aaf8 is pointing into metadata
R8 =0x00000007eff020d0 is an oop: java.lang.Object 
{0x00000007eff020d0} - klass: 'java/lang/Object'
R9 =0x0 is NULL
R10=0x000000011045a650: _ZN19TemplateInterpreter13_active_tableE+0x2000 in /Users/yeochinyi/.sdkman/candidates/java/13.0.2.hs-adpt/lib/server/libjvm.dylib at 0x000000010f800000
R11=0x0000000122072f60 is at entry_point+64 in (nmethod*)0x0000000122072d90
R12=0x0 is NULL
R13=0x000000012cb4ad22 is pointing into metadata
R14=0x000000030b34d980 is pointing into the stack for thread: 0x00007faeca081800
R15=0x00007faeca081800 is a thread


Registers:
RAX=0x0000000000000001, RBX=0x0000000000000070, RCX=0x0000000000000000, RDX=0x0000000000000000
RSP=0x000000030b34d8f0, RBP=0x000000030b34d938, RSI=0x00000007fff70c50, RDI=0x000000012c82aaf8
R8 =0x00000007eff020d0, R9 =0x0000000000000000, R10=0x000000011045a650, R11=0x0000000122072f60
R12=0x0000000000000000, R13=0x000000012cb4ad22, R14=0x000000030b34d980, R15=0x00007faeca081800
RIP=0x000000011a5aef48, EFLAGS=0x0000000000000a83, ERR=0x0000000000000000
  TRAPNO=0x0000000000000000

Top of Stack: (sp=0x000000030b34d8f0)
0x000000030b34d8f0:   000000030b34d8f0 000000012cb4ad19
0x000000030b34d900:   000000030b34d980 000000012cb4b000
0x000000030b34d910:   0000000000000000 00000007ef133480
0x000000030b34d920:   000000012cb4ada0 0000000000000000
0x000000030b34d930:   000000030b34d970 000000030b34d9d8
0x000000030b34d940:   000000011a5a39c0 00000007eefac610
0x000000030b34d950:   0000000000000000 0000000000000004
0x000000030b34d960:   0000000000000001 0000000000000000
0x000000030b34d970:   0000000000000004 00000007eefac548
0x000000030b34d980:   00000007ef133558 00000007fff70c80
0x000000030b34d990:   000000030b34d990 000000012c9af8f5
0x000000030b34d9a0:   000000030b34d9e8 000000012cb12e90
0x000000030b34d9b0:   0000000000000000 00000007ef4d3398
0x000000030b34d9c0:   000000012c9af920 000000030b34d970
0x000000030b34d9d0:   000000030b34d9e8 000000030b34da50
0x000000030b34d9e0:   000000011a59a947 00000007eefabeb0
0x000000030b34d9f0:   0000000300001fa0 000000030b34dc60
0x000000030b34da00:   000000030b34db78 000000012c9af920
0x000000030b34da10:   00007faeca081800 0000000000000001
0x000000030b34da20:   000000030b34dab0 000000030b34db80
0x000000030b34da30:   000000000000000a 000000012c9af920
0x000000030b34da40:   000000011a5a86a0 000000030b34dc68
0x000000030b34da50:   000000030b34db40 000000010fb9e60d
0x000000030b34da60:   0000000000000001 00007faeca081800
0x000000030b34da70:   0000000800756e44 00007faeca081800
0x000000030b34da80:   00007faec8e6a2a0 00007faec8e6a370
0x000000030b34da90:   00007faec8e6a3f8 00007faec8e6a458
0x000000030b34daa0:   00000000000000d8 000000030b34e868
0x000000030b34dab0:   00007faeca081800 00007faec8e6b530
0x000000030b34dac0:   000000012c9af920 00000007eefabeb0
0x000000030b34dad0:   000000030b34dde0 000000011a5a99ef
0x000000030b34dae0:   000000030b34de48 000000030b34db78 

Instructions: (pc=0x000000011a5aef48)
0x000000011a5aee48:   ed 93 01 10 01 00 00 00 6e 00 00 00 00 00 00 00
0x000000011a5aee58:   00 00 00 00 00 00 00 00 f3 0f 10 04 24 48 83 c4
0x000000011a5aee68:   08 0f 28 c8 f3 0f 10 04 24 48 83 c4 08 f3 0f 5e
0x000000011a5aee78:   c1 41 0f b6 5d 01 49 ff c5 49 ba 50 b6 45 10 01
0x000000011a5aee88:   00 00 00 41 ff 24 da 90 00 00 00 00 00 00 00 00
0x000000011a5aee98:   00 00 00 00 00 00 00 00 60 00 00 00 00 00 00 00
0x000000011a5aeea8:   f2 93 01 10 01 00 00 00 6f 00 00 00 00 00 00 00
0x000000011a5aeeb8:   00 00 00 00 00 00 00 00 f2 0f 10 04 24 48 83 c4
0x000000011a5aeec8:   10 66 0f 28 c8 f2 0f 10 04 24 48 83 c4 10 f2 0f
0x000000011a5aeed8:   5e c1 41 0f b6 5d 01 49 ff c5 49 ba 50 be 45 10
0x000000011a5aeee8:   01 00 00 00 41 ff 24 da 00 00 00 00 00 00 00 00
0x000000011a5aeef8:   00 00 00 00 00 00 00 00 80 00 00 00 00 00 00 00
0x000000011a5aef08:   f7 93 01 10 01 00 00 00 70 00 00 00 00 00 00 00
0x000000011a5aef18:   00 00 00 00 00 00 00 00 8b 04 24 48 83 c4 08 8b
0x000000011a5aef28:   c8 8b 04 24 48 83 c4 08 81 f8 00 00 00 80 0f 85
0x000000011a5aef38:   0b 00 00 00 33 d2 83 f9 ff 0f 84 03 00 00 00 99
0x000000011a5aef48:   f7 f9 8b c2 41 0f b6 5d 01 49 ff c5 49 ba 50 a6
0x000000011a5aef58:   45 10 01 00 00 00 41 ff 24 da 66 0f 1f 44 00 00
0x000000011a5aef68:   00 00 00 00 00 00 00 00 00 00 00 00 00 00 00 00
0x000000011a5aef78:   00 00 00 00 00 00 00 00 80 00 00 00 00 00 00 00
0x000000011a5aef88:   fc 93 01 10 01 00 00 00 71 00 00 00 00 00 00 00
0x000000011a5aef98:   00 00 00 00 00 00 00 00 48 8b 04 24 48 83 c4 10
0x000000011a5aefa8:   48 8b c8 48 8b 04 24 48 83 c4 10 48 85 c9 0f 84
0x000000011a5aefb8:   d3 93 ff ff 48 3b 05 2d ba ae f5 0f 85 0c 00 00
0x000000011a5aefc8:   00 33 d2 48 83 f9 ff 0f 84 05 00 00 00 48 99 48
0x000000011a5aefd8:   f7 f9 48 8b c2 41 0f b6 5d 01 49 ff c5 49 ba 50
0x000000011a5aefe8:   ae 45 10 01 00 00 00 41 ff 24 da 0f 1f 44 00 00
0x000000011a5aeff8:   00 00 00 00 00 00 00 00 80 00 00 00 00 00 00 00
0x000000011a5af008:   01 94 01 10 01 00 00 00 72 00 00 00 00 00 00 00
0x000000011a5af018:   00 00 00 00 00 00 00 00 f3 0f 10 04 24 48 83 c4
0x000000011a5af028:   08 0f 28 c8 f3 0f 10 04 24 48 83 c4 08 f7 c4 0f
0x000000011a5af038:   00 00 00 0f 84 12 00 00 00 48 83 ec 08 e8 26 ac 


Stack slot to memory mapping:
stack at sp + 0 slots: 0x000000030b34d8f0 is pointing into the stack for thread: 0x00007faeca081800
stack at sp + 1 slots: 0x000000012cb4ad19 is pointing into metadata
stack at sp + 2 slots: 0x000000030b34d980 is pointing into the stack for thread: 0x00007faeca081800
stack at sp + 3 slots: 0x000000012cb4b000 is pointing into metadata
stack at sp + 4 slots: 0x0 is NULL
stack at sp + 5 slots: 0x00000007ef133480 is an oop: java.lang.Class 
{0x00000007ef133480} - klass: 'java/lang/Class'
stack at sp + 6 slots: {method} {0x000000012cb4ada0} 'sum' '(Ljava/util/Set;I)I' in 'SumOfMultiples'
stack at sp + 7 slots: 0x0 is NULL

irem  112 irem  [0x000000011a5aef20, 0x000000011a5aef80]  96 bytes
[MachCode]
  0x000000011a5aef20: 8b04 2448 | 83c4 088b | c88b 0424 | 4883 c408 | 81f8 0000 | 0080 0f85 | 0b00 0000 | 33d2 83f9 
  0x000000011a5aef40: ff0f 8403 | 0000 0099 | f7f9 8bc2 | 410f b65d | 0149 ffc5 | 49ba 50a6 | 4510 0100 | 0000 41ff 
  0x000000011a5aef60: 24da 660f | 1f44 0000 | 0000 0000 | 0000 0000 | 0000 0000 | 0000 0000 | 0000 0000 | 0000 0000 
[/MachCode]

---------------  P R O C E S S  ---------------

Threads class SMR info:
_java_thread_list=0x00007faec8e6ae90, length=12, elements={
0x00007faeca009800, 0x00007faeca00a800, 0x00007faec9041800, 0x00007faec981e800,
0x00007faeca015000, 0x00007faeca018800, 0x00007faeca019000, 0x00007faec902c800,
0x00007faeca035800, 0x00007faeca081800, 0x00007faec9823000, 0x00007faec9095000
}

Java Threads: ( => current thread )
  0x00007faeca009800 JavaThread "main" [_thread_blocked, id=7939, stack(0x000000030a087000,0x000000030a187000)]
  0x00007faeca00a800 JavaThread "Reference Handler" daemon [_thread_blocked, id=16643, stack(0x000000030a79c000,0x000000030a89c000)]
  0x00007faec9041800 JavaThread "Finalizer" daemon [_thread_blocked, id=15619, stack(0x000000030a89f000,0x000000030a99f000)]
  0x00007faec981e800 JavaThread "Signal Dispatcher" daemon [_thread_blocked, id=23555, stack(0x000000030ab3b000,0x000000030ac3b000)]
  0x00007faeca015000 JavaThread "C2 CompilerThread0" daemon [_thread_blocked, id=24067, stack(0x000000030ac3e000,0x000000030ad3e000)]
  0x00007faeca018800 JavaThread "C1 CompilerThread0" daemon [_thread_blocked, id=24835, stack(0x000000030ad41000,0x000000030ae41000)]
  0x00007faeca019000 JavaThread "Sweeper thread" daemon [_thread_blocked, id=25347, stack(0x000000030ae44000,0x000000030af44000)]
  0x00007faec902c800 JavaThread "Service Thread" daemon [_thread_blocked, id=26883, stack(0x000000030af47000,0x000000030b047000)]
  0x00007faeca035800 JavaThread "Common-Cleaner" daemon [_thread_blocked, id=27651, stack(0x000000030b14d000,0x000000030b24d000)]
=>0x00007faeca081800 JavaThread "Test worker" [_thread_in_Java, id=38403, stack(0x000000030b250000,0x000000030b350000)]
  0x00007faec9823000 JavaThread "/127.0.0.1:52473 to /127.0.0.1:52471 workers Thread 2" [_thread_blocked, id=29187, stack(0x000000030b353000,0x000000030b453000)]
  0x00007faec9095000 JavaThread "/127.0.0.1:52473 to /127.0.0.1:52471 workers Thread 3" [_thread_in_native, id=30211, stack(0x000000030b456000,0x000000030b556000)]

Other Threads:
  0x00007faec903e800 VMThread "VM Thread" [stack: 0x000000030a699000,0x000000030a799000] [id=14595] _threads_hazard_ptr=0x00007faec8e6ae90
  0x00007faec9042800 WatcherThread [stack: 0x000000030b04a000,0x000000030b14a000] [id=39195]
  0x00007faec981d000 GCTaskThread "GC Thread#0" [stack: 0x000000030a18a000,0x000000030a28a000] [id=13059]
  0x00007faec9017800 ConcurrentGCThread "G1 Main Marker" [stack: 0x000000030a28d000,0x000000030a38d000] [id=19203]
  0x00007faeb9008800 ConcurrentGCThread "G1 Conc#0" [stack: 0x000000030a390000,0x000000030a490000] [id=13571]
  0x00007faeb90a9000 ConcurrentGCThread "G1 Refine#0" [stack: 0x000000030a493000,0x000000030a593000] [id=14083]
  0x00007faeb90aa000 ConcurrentGCThread "G1 Young RemSet Sampling" [stack: 0x000000030a596000,0x000000030a696000] [id=14339]

Threads with active compile tasks:
C1 CompilerThread0      839  934       3       jdk.internal.reflect.ClassFileAssembler::emitConstantPoolNameAndType (28 bytes)

VM state:synchronizing (normal execution)

VM Mutex/Monitor currently owned by a thread:  ([mutex/lock_event])
[0x00007faec8c1ab20] Threads_lock - owner thread: 0x00007faec903e800

Heap address: 0x00000007e0000000, size: 512 MB, Compressed Oops mode: Zero based, Oop shift amount: 3
Narrow klass base: 0x0000000800000000, Narrow klass shift: 3
Compressed class space size: 1073741824 Address: 0x0000000800af5000

Heap:
 garbage-first heap   total 264192K, used 16124K [0x00000007e0000000, 0x0000000800000000)
  region size 1024K, 17 young (17408K), 0 survivors (0K)
 Metaspace       used 5948K, capacity 7455K, committed 7552K, reserved 1056768K
  class space    used 700K, capacity 833K, committed 896K, reserved 1048576K
Heap Regions: E=young(eden), S=young(survivor), O=old, HS=humongous(starts), HC=humongous(continues), CS=collection set, F=free, A=archive, TAMS=top-at-mark-start (previous, next)
|   0|0x00000007e0000000, 0x00000007e0000000, 0x00000007e0100000|  0%| F|  |TAMS 0x00000007e0000000, 0x00000007e0000000| Untracked 
|   1|0x00000007e0100000, 0x00000007e0100000, 0x00000007e0200000|  0%| F|  |TAMS 0x00000007e0100000, 0x00000007e0100000| Untracked 
|   2|0x00000007e0200000, 0x00000007e0200000, 0x00000007e0300000|  0%| F|  |TAMS 0x00000007e0200000, 0x00000007e0200000| Untracked 
|   3|0x00000007e0300000, 0x00000007e0300000, 0x00000007e0400000|  0%| F|  |TAMS 0x00000007e0300000, 0x00000007e0300000| Untracked 
|   4|0x00000007e0400000, 0x00000007e0400000, 0x00000007e0500000|  0%| F|  |TAMS 0x00000007e0400000, 0x00000007e0400000| Untracked 
|   5|0x00000007e0500000, 0x00000007e0500000, 0x00000007e0600000|  0%| F|  |TAMS 0x00000007e0500000, 0x00000007e0500000| Untracked 
|   6|0x00000007e0600000, 0x00000007e0600000, 0x00000007e0700000|  0%| F|  |TAMS 0x00000007e0600000, 0x00000007e0600000| Untracked 
|   7|0x00000007e0700000, 0x00000007e0700000, 0x00000007e0800000|  0%| F|  |TAMS 0x00000007e0700000, 0x00000007e0700000| Untracked 
|   8|0x00000007e0800000, 0x00000007e0800000, 0x00000007e0900000|  0%| F|  |TAMS 0x00000007e0800000, 0x00000007e0800000| Untracked 
|   9|0x00000007e0900000, 0x00000007e0900000, 0x00000007e0a00000|  0%| F|  |TAMS 0x00000007e0900000, 0x00000007e0900000| Untracked 
|  10|0x00000007e0a00000, 0x00000007e0a00000, 0x00000007e0b00000|  0%| F|  |TAMS 0x00000007e0a00000, 0x00000007e0a00000| Untracked 
|  11|0x00000007e0b00000, 0x00000007e0b00000, 0x00000007e0c00000|  0%| F|  |TAMS 0x00000007e0b00000, 0x00000007e0b00000| Untracked 
|  12|0x00000007e0c00000, 0x00000007e0c00000, 0x00000007e0d00000|  0%| F|  |TAMS 0x00000007e0c00000, 0x00000007e0c00000| Untracked 
|  13|0x00000007e0d00000, 0x00000007e0d00000, 0x00000007e0e00000|  0%| F|  |TAMS 0x00000007e0d00000, 0x00000007e0d00000| Untracked 
|  14|0x00000007e0e00000, 0x00000007e0e00000, 0x00000007e0f00000|  0%| F|  |TAMS 0x00000007e0e00000, 0x00000007e0e00000| Untracked 
|  15|0x00000007e0f00000, 0x00000007e0f00000, 0x00000007e1000000|  0%| F|  |TAMS 0x00000007e0f00000, 0x00000007e0f00000| Untracked 
|  16|0x00000007e1000000, 0x00000007e1000000, 0x00000007e1100000|  0%| F|  |TAMS 0x00000007e1000000, 0x00000007e1000000| Untracked 
|  17|0x00000007e1100000, 0x00000007e1100000, 0x00000007e1200000|  0%| F|  |TAMS 0x00000007e1100000, 0x00000007e1100000| Untracked 
|  18|0x00000007e1200000, 0x00000007e1200000, 0x00000007e1300000|  0%| F|  |TAMS 0x00000007e1200000, 0x00000007e1200000| Untracked 
|  19|0x00000007e1300000, 0x00000007e1300000, 0x00000007e1400000|  0%| F|  |TAMS 0x00000007e1300000, 0x00000007e1300000| Untracked 
|  20|0x00000007e1400000, 0x00000007e1400000, 0x00000007e1500000|  0%| F|  |TAMS 0x00000007e1400000, 0x00000007e1400000| Untracked 
|  21|0x00000007e1500000, 0x00000007e1500000, 0x00000007e1600000|  0%| F|  |TAMS 0x00000007e1500000, 0x00000007e1500000| Untracked 
|  22|0x00000007e1600000, 0x00000007e1600000, 0x00000007e1700000|  0%| F|  |TAMS 0x00000007e1600000, 0x00000007e1600000| Untracked 
|  23|0x00000007e1700000, 0x00000007e1700000, 0x00000007e1800000|  0%| F|  |TAMS 0x00000007e1700000, 0x00000007e1700000| Untracked 
|  24|0x00000007e1800000, 0x00000007e1800000, 0x00000007e1900000|  0%| F|  |TAMS 0x00000007e1800000, 0x00000007e1800000| Untracked 
|  25|0x00000007e1900000, 0x00000007e1900000, 0x00000007e1a00000|  0%| F|  |TAMS 0x00000007e1900000, 0x00000007e1900000| Untracked 
|  26|0x00000007e1a00000, 0x00000007e1a00000, 0x00000007e1b00000|  0%| F|  |TAMS 0x00000007e1a00000, 0x00000007e1a00000| Untracked 
|  27|0x00000007e1b00000, 0x00000007e1b00000, 0x00000007e1c00000|  0%| F|  |TAMS 0x00000007e1b00000, 0x00000007e1b00000| Untracked 
|  28|0x00000007e1c00000, 0x00000007e1c00000, 0x00000007e1d00000|  0%| F|  |TAMS 0x00000007e1c00000, 0x00000007e1c00000| Untracked 
|  29|0x00000007e1d00000, 0x00000007e1d00000, 0x00000007e1e00000|  0%| F|  |TAMS 0x00000007e1d00000, 0x00000007e1d00000| Untracked 
|  30|0x00000007e1e00000, 0x00000007e1e00000, 0x00000007e1f00000|  0%| F|  |TAMS 0x00000007e1e00000, 0x00000007e1e00000| Untracked 
|  31|0x00000007e1f00000, 0x00000007e1f00000, 0x00000007e2000000|  0%| F|  |TAMS 0x00000007e1f00000, 0x00000007e1f00000| Untracked 
|  32|0x00000007e2000000, 0x00000007e2000000, 0x00000007e2100000|  0%| F|  |TAMS 0x00000007e2000000, 0x00000007e2000000| Untracked 
|  33|0x00000007e2100000, 0x00000007e2100000, 0x00000007e2200000|  0%| F|  |TAMS 0x00000007e2100000, 0x00000007e2100000| Untracked 
|  34|0x00000007e2200000, 0x00000007e2200000, 0x00000007e2300000|  0%| F|  |TAMS 0x00000007e2200000, 0x00000007e2200000| Untracked 
|  35|0x00000007e2300000, 0x00000007e2300000, 0x00000007e2400000|  0%| F|  |TAMS 0x00000007e2300000, 0x00000007e2300000| Untracked 
|  36|0x00000007e2400000, 0x00000007e2400000, 0x00000007e2500000|  0%| F|  |TAMS 0x00000007e2400000, 0x00000007e2400000| Untracked 
|  37|0x00000007e2500000, 0x00000007e2500000, 0x00000007e2600000|  0%| F|  |TAMS 0x00000007e2500000, 0x00000007e2500000| Untracked 
|  38|0x00000007e2600000, 0x00000007e2600000, 0x00000007e2700000|  0%| F|  |TAMS 0x00000007e2600000, 0x00000007e2600000| Untracked 
|  39|0x00000007e2700000, 0x00000007e2700000, 0x00000007e2800000|  0%| F|  |TAMS 0x00000007e2700000, 0x00000007e2700000| Untracked 
|  40|0x00000007e2800000, 0x00000007e2800000, 0x00000007e2900000|  0%| F|  |TAMS 0x00000007e2800000, 0x00000007e2800000| Untracked 
|  41|0x00000007e2900000, 0x00000007e2900000, 0x00000007e2a00000|  0%| F|  |TAMS 0x00000007e2900000, 0x00000007e2900000| Untracked 
|  42|0x00000007e2a00000, 0x00000007e2a00000, 0x00000007e2b00000|  0%| F|  |TAMS 0x00000007e2a00000, 0x00000007e2a00000| Untracked 
|  43|0x00000007e2b00000, 0x00000007e2b00000, 0x00000007e2c00000|  0%| F|  |TAMS 0x00000007e2b00000, 0x00000007e2b00000| Untracked 
|  44|0x00000007e2c00000, 0x00000007e2c00000, 0x00000007e2d00000|  0%| F|  |TAMS 0x00000007e2c00000, 0x00000007e2c00000| Untracked 
|  45|0x00000007e2d00000, 0x00000007e2d00000, 0x00000007e2e00000|  0%| F|  |TAMS 0x00000007e2d00000, 0x00000007e2d00000| Untracked 
|  46|0x00000007e2e00000, 0x00000007e2e00000, 0x00000007e2f00000|  0%| F|  |TAMS 0x00000007e2e00000, 0x00000007e2e00000| Untracked 
|  47|0x00000007e2f00000, 0x00000007e2f00000, 0x00000007e3000000|  0%| F|  |TAMS 0x00000007e2f00000, 0x00000007e2f00000| Untracked 
|  48|0x00000007e3000000, 0x00000007e3000000, 0x00000007e3100000|  0%| F|  |TAMS 0x00000007e3000000, 0x00000007e3000000| Untracked 
|  49|0x00000007e3100000, 0x00000007e3100000, 0x00000007e3200000|  0%| F|  |TAMS 0x00000007e3100000, 0x00000007e3100000| Untracked 
|  50|0x00000007e3200000, 0x00000007e3200000, 0x00000007e3300000|  0%| F|  |TAMS 0x00000007e3200000, 0x00000007e3200000| Untracked 
|  51|0x00000007e3300000, 0x00000007e3300000, 0x00000007e3400000|  0%| F|  |TAMS 0x00000007e3300000, 0x00000007e3300000| Untracked 
|  52|0x00000007e3400000, 0x00000007e3400000, 0x00000007e3500000|  0%| F|  |TAMS 0x00000007e3400000, 0x00000007e3400000| Untracked 
|  53|0x00000007e3500000, 0x00000007e3500000, 0x00000007e3600000|  0%| F|  |TAMS 0x00000007e3500000, 0x00000007e3500000| Untracked 
|  54|0x00000007e3600000, 0x00000007e3600000, 0x00000007e3700000|  0%| F|  |TAMS 0x00000007e3600000, 0x00000007e3600000| Untracked 
|  55|0x00000007e3700000, 0x00000007e3700000, 0x00000007e3800000|  0%| F|  |TAMS 0x00000007e3700000, 0x00000007e3700000| Untracked 
|  56|0x00000007e3800000, 0x00000007e3800000, 0x00000007e3900000|  0%| F|  |TAMS 0x00000007e3800000, 0x00000007e3800000| Untracked 
|  57|0x00000007e3900000, 0x00000007e3900000, 0x00000007e3a00000|  0%| F|  |TAMS 0x00000007e3900000, 0x00000007e3900000| Untracked 
|  58|0x00000007e3a00000, 0x00000007e3a00000, 0x00000007e3b00000|  0%| F|  |TAMS 0x00000007e3a00000, 0x00000007e3a00000| Untracked 
|  59|0x00000007e3b00000, 0x00000007e3b00000, 0x00000007e3c00000|  0%| F|  |TAMS 0x00000007e3b00000, 0x00000007e3b00000| Untracked 
|  60|0x00000007e3c00000, 0x00000007e3c00000, 0x00000007e3d00000|  0%| F|  |TAMS 0x00000007e3c00000, 0x00000007e3c00000| Untracked 
|  61|0x00000007e3d00000, 0x00000007e3d00000, 0x00000007e3e00000|  0%| F|  |TAMS 0x00000007e3d00000, 0x00000007e3d00000| Untracked 
|  62|0x00000007e3e00000, 0x00000007e3e00000, 0x00000007e3f00000|  0%| F|  |TAMS 0x00000007e3e00000, 0x00000007e3e00000| Untracked 
|  63|0x00000007e3f00000, 0x00000007e3f00000, 0x00000007e4000000|  0%| F|  |TAMS 0x00000007e3f00000, 0x00000007e3f00000| Untracked 
|  64|0x00000007e4000000, 0x00000007e4000000, 0x00000007e4100000|  0%| F|  |TAMS 0x00000007e4000000, 0x00000007e4000000| Untracked 
|  65|0x00000007e4100000, 0x00000007e4100000, 0x00000007e4200000|  0%| F|  |TAMS 0x00000007e4100000, 0x00000007e4100000| Untracked 
|  66|0x00000007e4200000, 0x00000007e4200000, 0x00000007e4300000|  0%| F|  |TAMS 0x00000007e4200000, 0x00000007e4200000| Untracked 
|  67|0x00000007e4300000, 0x00000007e4300000, 0x00000007e4400000|  0%| F|  |TAMS 0x00000007e4300000, 0x00000007e4300000| Untracked 
|  68|0x00000007e4400000, 0x00000007e4400000, 0x00000007e4500000|  0%| F|  |TAMS 0x00000007e4400000, 0x00000007e4400000| Untracked 
|  69|0x00000007e4500000, 0x00000007e4500000, 0x00000007e4600000|  0%| F|  |TAMS 0x00000007e4500000, 0x00000007e4500000| Untracked 
|  70|0x00000007e4600000, 0x00000007e4600000, 0x00000007e4700000|  0%| F|  |TAMS 0x00000007e4600000, 0x00000007e4600000| Untracked 
|  71|0x00000007e4700000, 0x00000007e4700000, 0x00000007e4800000|  0%| F|  |TAMS 0x00000007e4700000, 0x00000007e4700000| Untracked 
|  72|0x00000007e4800000, 0x00000007e4800000, 0x00000007e4900000|  0%| F|  |TAMS 0x00000007e4800000, 0x00000007e4800000| Untracked 
|  73|0x00000007e4900000, 0x00000007e4900000, 0x00000007e4a00000|  0%| F|  |TAMS 0x00000007e4900000, 0x00000007e4900000| Untracked 
|  74|0x00000007e4a00000, 0x00000007e4a00000, 0x00000007e4b00000|  0%| F|  |TAMS 0x00000007e4a00000, 0x00000007e4a00000| Untracked 
|  75|0x00000007e4b00000, 0x00000007e4b00000, 0x00000007e4c00000|  0%| F|  |TAMS 0x00000007e4b00000, 0x00000007e4b00000| Untracked 
|  76|0x00000007e4c00000, 0x00000007e4c00000, 0x00000007e4d00000|  0%| F|  |TAMS 0x00000007e4c00000, 0x00000007e4c00000| Untracked 
|  77|0x00000007e4d00000, 0x00000007e4d00000, 0x00000007e4e00000|  0%| F|  |TAMS 0x00000007e4d00000, 0x00000007e4d00000| Untracked 
|  78|0x00000007e4e00000, 0x00000007e4e00000, 0x00000007e4f00000|  0%| F|  |TAMS 0x00000007e4e00000, 0x00000007e4e00000| Untracked 
|  79|0x00000007e4f00000, 0x00000007e4f00000, 0x00000007e5000000|  0%| F|  |TAMS 0x00000007e4f00000, 0x00000007e4f00000| Untracked 
|  80|0x00000007e5000000, 0x00000007e5000000, 0x00000007e5100000|  0%| F|  |TAMS 0x00000007e5000000, 0x00000007e5000000| Untracked 
|  81|0x00000007e5100000, 0x00000007e5100000, 0x00000007e5200000|  0%| F|  |TAMS 0x00000007e5100000, 0x00000007e5100000| Untracked 
|  82|0x00000007e5200000, 0x00000007e5200000, 0x00000007e5300000|  0%| F|  |TAMS 0x00000007e5200000, 0x00000007e5200000| Untracked 
|  83|0x00000007e5300000, 0x00000007e5300000, 0x00000007e5400000|  0%| F|  |TAMS 0x00000007e5300000, 0x00000007e5300000| Untracked 
|  84|0x00000007e5400000, 0x00000007e5400000, 0x00000007e5500000|  0%| F|  |TAMS 0x00000007e5400000, 0x00000007e5400000| Untracked 
|  85|0x00000007e5500000, 0x00000007e5500000, 0x00000007e5600000|  0%| F|  |TAMS 0x00000007e5500000, 0x00000007e5500000| Untracked 
|  86|0x00000007e5600000, 0x00000007e5600000, 0x00000007e5700000|  0%| F|  |TAMS 0x00000007e5600000, 0x00000007e5600000| Untracked 
|  87|0x00000007e5700000, 0x00000007e5700000, 0x00000007e5800000|  0%| F|  |TAMS 0x00000007e5700000, 0x00000007e5700000| Untracked 
|  88|0x00000007e5800000, 0x00000007e5800000, 0x00000007e5900000|  0%| F|  |TAMS 0x00000007e5800000, 0x00000007e5800000| Untracked 
|  89|0x00000007e5900000, 0x00000007e5900000, 0x00000007e5a00000|  0%| F|  |TAMS 0x00000007e5900000, 0x00000007e5900000| Untracked 
|  90|0x00000007e5a00000, 0x00000007e5a00000, 0x00000007e5b00000|  0%| F|  |TAMS 0x00000007e5a00000, 0x00000007e5a00000| Untracked 
|  91|0x00000007e5b00000, 0x00000007e5b00000, 0x00000007e5c00000|  0%| F|  |TAMS 0x00000007e5b00000, 0x00000007e5b00000| Untracked 
|  92|0x00000007e5c00000, 0x00000007e5c00000, 0x00000007e5d00000|  0%| F|  |TAMS 0x00000007e5c00000, 0x00000007e5c00000| Untracked 
|  93|0x00000007e5d00000, 0x00000007e5d00000, 0x00000007e5e00000|  0%| F|  |TAMS 0x00000007e5d00000, 0x00000007e5d00000| Untracked 
|  94|0x00000007e5e00000, 0x00000007e5e00000, 0x00000007e5f00000|  0%| F|  |TAMS 0x00000007e5e00000, 0x00000007e5e00000| Untracked 
|  95|0x00000007e5f00000, 0x00000007e5f00000, 0x00000007e6000000|  0%| F|  |TAMS 0x00000007e5f00000, 0x00000007e5f00000| Untracked 
|  96|0x00000007e6000000, 0x00000007e6000000, 0x00000007e6100000|  0%| F|  |TAMS 0x00000007e6000000, 0x00000007e6000000| Untracked 
|  97|0x00000007e6100000, 0x00000007e6100000, 0x00000007e6200000|  0%| F|  |TAMS 0x00000007e6100000, 0x00000007e6100000| Untracked 
|  98|0x00000007e6200000, 0x00000007e6200000, 0x00000007e6300000|  0%| F|  |TAMS 0x00000007e6200000, 0x00000007e6200000| Untracked 
|  99|0x00000007e6300000, 0x00000007e6300000, 0x00000007e6400000|  0%| F|  |TAMS 0x00000007e6300000, 0x00000007e6300000| Untracked 
| 100|0x00000007e6400000, 0x00000007e6400000, 0x00000007e6500000|  0%| F|  |TAMS 0x00000007e6400000, 0x00000007e6400000| Untracked 
| 101|0x00000007e6500000, 0x00000007e6500000, 0x00000007e6600000|  0%| F|  |TAMS 0x00000007e6500000, 0x00000007e6500000| Untracked 
| 102|0x00000007e6600000, 0x00000007e6600000, 0x00000007e6700000|  0%| F|  |TAMS 0x00000007e6600000, 0x00000007e6600000| Untracked 
| 103|0x00000007e6700000, 0x00000007e6700000, 0x00000007e6800000|  0%| F|  |TAMS 0x00000007e6700000, 0x00000007e6700000| Untracked 
| 104|0x00000007e6800000, 0x00000007e6800000, 0x00000007e6900000|  0%| F|  |TAMS 0x00000007e6800000, 0x00000007e6800000| Untracked 
| 105|0x00000007e6900000, 0x00000007e6900000, 0x00000007e6a00000|  0%| F|  |TAMS 0x00000007e6900000, 0x00000007e6900000| Untracked 
| 106|0x00000007e6a00000, 0x00000007e6a00000, 0x00000007e6b00000|  0%| F|  |TAMS 0x00000007e6a00000, 0x00000007e6a00000| Untracked 
| 107|0x00000007e6b00000, 0x00000007e6b00000, 0x00000007e6c00000|  0%| F|  |TAMS 0x00000007e6b00000, 0x00000007e6b00000| Untracked 
| 108|0x00000007e6c00000, 0x00000007e6c00000, 0x00000007e6d00000|  0%| F|  |TAMS 0x00000007e6c00000, 0x00000007e6c00000| Untracked 
| 109|0x00000007e6d00000, 0x00000007e6d00000, 0x00000007e6e00000|  0%| F|  |TAMS 0x00000007e6d00000, 0x00000007e6d00000| Untracked 
| 110|0x00000007e6e00000, 0x00000007e6e00000, 0x00000007e6f00000|  0%| F|  |TAMS 0x00000007e6e00000, 0x00000007e6e00000| Untracked 
| 111|0x00000007e6f00000, 0x00000007e6f00000, 0x00000007e7000000|  0%| F|  |TAMS 0x00000007e6f00000, 0x00000007e6f00000| Untracked 
| 112|0x00000007e7000000, 0x00000007e7000000, 0x00000007e7100000|  0%| F|  |TAMS 0x00000007e7000000, 0x00000007e7000000| Untracked 
| 113|0x00000007e7100000, 0x00000007e7100000, 0x00000007e7200000|  0%| F|  |TAMS 0x00000007e7100000, 0x00000007e7100000| Untracked 
| 114|0x00000007e7200000, 0x00000007e7200000, 0x00000007e7300000|  0%| F|  |TAMS 0x00000007e7200000, 0x00000007e7200000| Untracked 
| 115|0x00000007e7300000, 0x00000007e7300000, 0x00000007e7400000|  0%| F|  |TAMS 0x00000007e7300000, 0x00000007e7300000| Untracked 
| 116|0x00000007e7400000, 0x00000007e7400000, 0x00000007e7500000|  0%| F|  |TAMS 0x00000007e7400000, 0x00000007e7400000| Untracked 
| 117|0x00000007e7500000, 0x00000007e7500000, 0x00000007e7600000|  0%| F|  |TAMS 0x00000007e7500000, 0x00000007e7500000| Untracked 
| 118|0x00000007e7600000, 0x00000007e7600000, 0x00000007e7700000|  0%| F|  |TAMS 0x00000007e7600000, 0x00000007e7600000| Untracked 
| 119|0x00000007e7700000, 0x00000007e7700000, 0x00000007e7800000|  0%| F|  |TAMS 0x00000007e7700000, 0x00000007e7700000| Untracked 
| 120|0x00000007e7800000, 0x00000007e7800000, 0x00000007e7900000|  0%| F|  |TAMS 0x00000007e7800000, 0x00000007e7800000| Untracked 
| 121|0x00000007e7900000, 0x00000007e7900000, 0x00000007e7a00000|  0%| F|  |TAMS 0x00000007e7900000, 0x00000007e7900000| Untracked 
| 122|0x00000007e7a00000, 0x00000007e7a00000, 0x00000007e7b00000|  0%| F|  |TAMS 0x00000007e7a00000, 0x00000007e7a00000| Untracked 
| 123|0x00000007e7b00000, 0x00000007e7b00000, 0x00000007e7c00000|  0%| F|  |TAMS 0x00000007e7b00000, 0x00000007e7b00000| Untracked 
| 124|0x00000007e7c00000, 0x00000007e7c00000, 0x00000007e7d00000|  0%| F|  |TAMS 0x00000007e7c00000, 0x00000007e7c00000| Untracked 
| 125|0x00000007e7d00000, 0x00000007e7d00000, 0x00000007e7e00000|  0%| F|  |TAMS 0x00000007e7d00000, 0x00000007e7d00000| Untracked 
| 126|0x00000007e7e00000, 0x00000007e7e00000, 0x00000007e7f00000|  0%| F|  |TAMS 0x00000007e7e00000, 0x00000007e7e00000| Untracked 
| 127|0x00000007e7f00000, 0x00000007e7f00000, 0x00000007e8000000|  0%| F|  |TAMS 0x00000007e7f00000, 0x00000007e7f00000| Untracked 
| 128|0x00000007e8000000, 0x00000007e8000000, 0x00000007e8100000|  0%| F|  |TAMS 0x00000007e8000000, 0x00000007e8000000| Untracked 
| 129|0x00000007e8100000, 0x00000007e8100000, 0x00000007e8200000|  0%| F|  |TAMS 0x00000007e8100000, 0x00000007e8100000| Untracked 
| 130|0x00000007e8200000, 0x00000007e8200000, 0x00000007e8300000|  0%| F|  |TAMS 0x00000007e8200000, 0x00000007e8200000| Untracked 
| 131|0x00000007e8300000, 0x00000007e8300000, 0x00000007e8400000|  0%| F|  |TAMS 0x00000007e8300000, 0x00000007e8300000| Untracked 
| 132|0x00000007e8400000, 0x00000007e8400000, 0x00000007e8500000|  0%| F|  |TAMS 0x00000007e8400000, 0x00000007e8400000| Untracked 
| 133|0x00000007e8500000, 0x00000007e8500000, 0x00000007e8600000|  0%| F|  |TAMS 0x00000007e8500000, 0x00000007e8500000| Untracked 
| 134|0x00000007e8600000, 0x00000007e8600000, 0x00000007e8700000|  0%| F|  |TAMS 0x00000007e8600000, 0x00000007e8600000| Untracked 
| 135|0x00000007e8700000, 0x00000007e8700000, 0x00000007e8800000|  0%| F|  |TAMS 0x00000007e8700000, 0x00000007e8700000| Untracked 
| 136|0x00000007e8800000, 0x00000007e8800000, 0x00000007e8900000|  0%| F|  |TAMS 0x00000007e8800000, 0x00000007e8800000| Untracked 
| 137|0x00000007e8900000, 0x00000007e8900000, 0x00000007e8a00000|  0%| F|  |TAMS 0x00000007e8900000, 0x00000007e8900000| Untracked 
| 138|0x00000007e8a00000, 0x00000007e8a00000, 0x00000007e8b00000|  0%| F|  |TAMS 0x00000007e8a00000, 0x00000007e8a00000| Untracked 
| 139|0x00000007e8b00000, 0x00000007e8b00000, 0x00000007e8c00000|  0%| F|  |TAMS 0x00000007e8b00000, 0x00000007e8b00000| Untracked 
| 140|0x00000007e8c00000, 0x00000007e8c00000, 0x00000007e8d00000|  0%| F|  |TAMS 0x00000007e8c00000, 0x00000007e8c00000| Untracked 
| 141|0x00000007e8d00000, 0x00000007e8d00000, 0x00000007e8e00000|  0%| F|  |TAMS 0x00000007e8d00000, 0x00000007e8d00000| Untracked 
| 142|0x00000007e8e00000, 0x00000007e8e00000, 0x00000007e8f00000|  0%| F|  |TAMS 0x00000007e8e00000, 0x00000007e8e00000| Untracked 
| 143|0x00000007e8f00000, 0x00000007e8f00000, 0x00000007e9000000|  0%| F|  |TAMS 0x00000007e8f00000, 0x00000007e8f00000| Untracked 
| 144|0x00000007e9000000, 0x00000007e9000000, 0x00000007e9100000|  0%| F|  |TAMS 0x00000007e9000000, 0x00000007e9000000| Untracked 
| 145|0x00000007e9100000, 0x00000007e9100000, 0x00000007e9200000|  0%| F|  |TAMS 0x00000007e9100000, 0x00000007e9100000| Untracked 
| 146|0x00000007e9200000, 0x00000007e9200000, 0x00000007e9300000|  0%| F|  |TAMS 0x00000007e9200000, 0x00000007e9200000| Untracked 
| 147|0x00000007e9300000, 0x00000007e9300000, 0x00000007e9400000|  0%| F|  |TAMS 0x00000007e9300000, 0x00000007e9300000| Untracked 
| 148|0x00000007e9400000, 0x00000007e9400000, 0x00000007e9500000|  0%| F|  |TAMS 0x00000007e9400000, 0x00000007e9400000| Untracked 
| 149|0x00000007e9500000, 0x00000007e9500000, 0x00000007e9600000|  0%| F|  |TAMS 0x00000007e9500000, 0x00000007e9500000| Untracked 
| 150|0x00000007e9600000, 0x00000007e9600000, 0x00000007e9700000|  0%| F|  |TAMS 0x00000007e9600000, 0x00000007e9600000| Untracked 
| 151|0x00000007e9700000, 0x00000007e9700000, 0x00000007e9800000|  0%| F|  |TAMS 0x00000007e9700000, 0x00000007e9700000| Untracked 
| 152|0x00000007e9800000, 0x00000007e9800000, 0x00000007e9900000|  0%| F|  |TAMS 0x00000007e9800000, 0x00000007e9800000| Untracked 
| 153|0x00000007e9900000, 0x00000007e9900000, 0x00000007e9a00000|  0%| F|  |TAMS 0x00000007e9900000, 0x00000007e9900000| Untracked 
| 154|0x00000007e9a00000, 0x00000007e9a00000, 0x00000007e9b00000|  0%| F|  |TAMS 0x00000007e9a00000, 0x00000007e9a00000| Untracked 
| 155|0x00000007e9b00000, 0x00000007e9b00000, 0x00000007e9c00000|  0%| F|  |TAMS 0x00000007e9b00000, 0x00000007e9b00000| Untracked 
| 156|0x00000007e9c00000, 0x00000007e9c00000, 0x00000007e9d00000|  0%| F|  |TAMS 0x00000007e9c00000, 0x00000007e9c00000| Untracked 
| 157|0x00000007e9d00000, 0x00000007e9d00000, 0x00000007e9e00000|  0%| F|  |TAMS 0x00000007e9d00000, 0x00000007e9d00000| Untracked 
| 158|0x00000007e9e00000, 0x00000007e9e00000, 0x00000007e9f00000|  0%| F|  |TAMS 0x00000007e9e00000, 0x00000007e9e00000| Untracked 
| 159|0x00000007e9f00000, 0x00000007e9f00000, 0x00000007ea000000|  0%| F|  |TAMS 0x00000007e9f00000, 0x00000007e9f00000| Untracked 
| 160|0x00000007ea000000, 0x00000007ea000000, 0x00000007ea100000|  0%| F|  |TAMS 0x00000007ea000000, 0x00000007ea000000| Untracked 
| 161|0x00000007ea100000, 0x00000007ea100000, 0x00000007ea200000|  0%| F|  |TAMS 0x00000007ea100000, 0x00000007ea100000| Untracked 
| 162|0x00000007ea200000, 0x00000007ea200000, 0x00000007ea300000|  0%| F|  |TAMS 0x00000007ea200000, 0x00000007ea200000| Untracked 
| 163|0x00000007ea300000, 0x00000007ea300000, 0x00000007ea400000|  0%| F|  |TAMS 0x00000007ea300000, 0x00000007ea300000| Untracked 
| 164|0x00000007ea400000, 0x00000007ea400000, 0x00000007ea500000|  0%| F|  |TAMS 0x00000007ea400000, 0x00000007ea400000| Untracked 
| 165|0x00000007ea500000, 0x00000007ea500000, 0x00000007ea600000|  0%| F|  |TAMS 0x00000007ea500000, 0x00000007ea500000| Untracked 
| 166|0x00000007ea600000, 0x00000007ea600000, 0x00000007ea700000|  0%| F|  |TAMS 0x00000007ea600000, 0x00000007ea600000| Untracked 
| 167|0x00000007ea700000, 0x00000007ea700000, 0x00000007ea800000|  0%| F|  |TAMS 0x00000007ea700000, 0x00000007ea700000| Untracked 
| 168|0x00000007ea800000, 0x00000007ea800000, 0x00000007ea900000|  0%| F|  |TAMS 0x00000007ea800000, 0x00000007ea800000| Untracked 
| 169|0x00000007ea900000, 0x00000007ea900000, 0x00000007eaa00000|  0%| F|  |TAMS 0x00000007ea900000, 0x00000007ea900000| Untracked 
| 170|0x00000007eaa00000, 0x00000007eaa00000, 0x00000007eab00000|  0%| F|  |TAMS 0x00000007eaa00000, 0x00000007eaa00000| Untracked 
| 171|0x00000007eab00000, 0x00000007eab00000, 0x00000007eac00000|  0%| F|  |TAMS 0x00000007eab00000, 0x00000007eab00000| Untracked 
| 172|0x00000007eac00000, 0x00000007eac00000, 0x00000007ead00000|  0%| F|  |TAMS 0x00000007eac00000, 0x00000007eac00000| Untracked 
| 173|0x00000007ead00000, 0x00000007ead00000, 0x00000007eae00000|  0%| F|  |TAMS 0x00000007ead00000, 0x00000007ead00000| Untracked 
| 174|0x00000007eae00000, 0x00000007eae00000, 0x00000007eaf00000|  0%| F|  |TAMS 0x00000007eae00000, 0x00000007eae00000| Untracked 
| 175|0x00000007eaf00000, 0x00000007eaf00000, 0x00000007eb000000|  0%| F|  |TAMS 0x00000007eaf00000, 0x00000007eaf00000| Untracked 
| 176|0x00000007eb000000, 0x00000007eb000000, 0x00000007eb100000|  0%| F|  |TAMS 0x00000007eb000000, 0x00000007eb000000| Untracked 
| 177|0x00000007eb100000, 0x00000007eb100000, 0x00000007eb200000|  0%| F|  |TAMS 0x00000007eb100000, 0x00000007eb100000| Untracked 
| 178|0x00000007eb200000, 0x00000007eb200000, 0x00000007eb300000|  0%| F|  |TAMS 0x00000007eb200000, 0x00000007eb200000| Untracked 
| 179|0x00000007eb300000, 0x00000007eb300000, 0x00000007eb400000|  0%| F|  |TAMS 0x00000007eb300000, 0x00000007eb300000| Untracked 
| 180|0x00000007eb400000, 0x00000007eb400000, 0x00000007eb500000|  0%| F|  |TAMS 0x00000007eb400000, 0x00000007eb400000| Untracked 
| 181|0x00000007eb500000, 0x00000007eb500000, 0x00000007eb600000|  0%| F|  |TAMS 0x00000007eb500000, 0x00000007eb500000| Untracked 
| 182|0x00000007eb600000, 0x00000007eb600000, 0x00000007eb700000|  0%| F|  |TAMS 0x00000007eb600000, 0x00000007eb600000| Untracked 
| 183|0x00000007eb700000, 0x00000007eb700000, 0x00000007eb800000|  0%| F|  |TAMS 0x00000007eb700000, 0x00000007eb700000| Untracked 
| 184|0x00000007eb800000, 0x00000007eb800000, 0x00000007eb900000|  0%| F|  |TAMS 0x00000007eb800000, 0x00000007eb800000| Untracked 
| 185|0x00000007eb900000, 0x00000007eb900000, 0x00000007eba00000|  0%| F|  |TAMS 0x00000007eb900000, 0x00000007eb900000| Untracked 
| 186|0x00000007eba00000, 0x00000007eba00000, 0x00000007ebb00000|  0%| F|  |TAMS 0x00000007eba00000, 0x00000007eba00000| Untracked 
| 187|0x00000007ebb00000, 0x00000007ebb00000, 0x00000007ebc00000|  0%| F|  |TAMS 0x00000007ebb00000, 0x00000007ebb00000| Untracked 
| 188|0x00000007ebc00000, 0x00000007ebc00000, 0x00000007ebd00000|  0%| F|  |TAMS 0x00000007ebc00000, 0x00000007ebc00000| Untracked 
| 189|0x00000007ebd00000, 0x00000007ebd00000, 0x00000007ebe00000|  0%| F|  |TAMS 0x00000007ebd00000, 0x00000007ebd00000| Untracked 
| 190|0x00000007ebe00000, 0x00000007ebe00000, 0x00000007ebf00000|  0%| F|  |TAMS 0x00000007ebe00000, 0x00000007ebe00000| Untracked 
| 191|0x00000007ebf00000, 0x00000007ebf00000, 0x00000007ec000000|  0%| F|  |TAMS 0x00000007ebf00000, 0x00000007ebf00000| Untracked 
| 192|0x00000007ec000000, 0x00000007ec000000, 0x00000007ec100000|  0%| F|  |TAMS 0x00000007ec000000, 0x00000007ec000000| Untracked 
| 193|0x00000007ec100000, 0x00000007ec100000, 0x00000007ec200000|  0%| F|  |TAMS 0x00000007ec100000, 0x00000007ec100000| Untracked 
| 194|0x00000007ec200000, 0x00000007ec200000, 0x00000007ec300000|  0%| F|  |TAMS 0x00000007ec200000, 0x00000007ec200000| Untracked 
| 195|0x00000007ec300000, 0x00000007ec300000, 0x00000007ec400000|  0%| F|  |TAMS 0x00000007ec300000, 0x00000007ec300000| Untracked 
| 196|0x00000007ec400000, 0x00000007ec400000, 0x00000007ec500000|  0%| F|  |TAMS 0x00000007ec400000, 0x00000007ec400000| Untracked 
| 197|0x00000007ec500000, 0x00000007ec500000, 0x00000007ec600000|  0%| F|  |TAMS 0x00000007ec500000, 0x00000007ec500000| Untracked 
| 198|0x00000007ec600000, 0x00000007ec600000, 0x00000007ec700000|  0%| F|  |TAMS 0x00000007ec600000, 0x00000007ec600000| Untracked 
| 199|0x00000007ec700000, 0x00000007ec700000, 0x00000007ec800000|  0%| F|  |TAMS 0x00000007ec700000, 0x00000007ec700000| Untracked 
| 200|0x00000007ec800000, 0x00000007ec800000, 0x00000007ec900000|  0%| F|  |TAMS 0x00000007ec800000, 0x00000007ec800000| Untracked 
| 201|0x00000007ec900000, 0x00000007ec900000, 0x00000007eca00000|  0%| F|  |TAMS 0x00000007ec900000, 0x00000007ec900000| Untracked 
| 202|0x00000007eca00000, 0x00000007eca00000, 0x00000007ecb00000|  0%| F|  |TAMS 0x00000007eca00000, 0x00000007eca00000| Untracked 
| 203|0x00000007ecb00000, 0x00000007ecb00000, 0x00000007ecc00000|  0%| F|  |TAMS 0x00000007ecb00000, 0x00000007ecb00000| Untracked 
| 204|0x00000007ecc00000, 0x00000007ecc00000, 0x00000007ecd00000|  0%| F|  |TAMS 0x00000007ecc00000, 0x00000007ecc00000| Untracked 
| 205|0x00000007ecd00000, 0x00000007ecd00000, 0x00000007ece00000|  0%| F|  |TAMS 0x00000007ecd00000, 0x00000007ecd00000| Untracked 
| 206|0x00000007ece00000, 0x00000007ece00000, 0x00000007ecf00000|  0%| F|  |TAMS 0x00000007ece00000, 0x00000007ece00000| Untracked 
| 207|0x00000007ecf00000, 0x00000007ecf00000, 0x00000007ed000000|  0%| F|  |TAMS 0x00000007ecf00000, 0x00000007ecf00000| Untracked 
| 208|0x00000007ed000000, 0x00000007ed000000, 0x00000007ed100000|  0%| F|  |TAMS 0x00000007ed000000, 0x00000007ed000000| Untracked 
| 209|0x00000007ed100000, 0x00000007ed100000, 0x00000007ed200000|  0%| F|  |TAMS 0x00000007ed100000, 0x00000007ed100000| Untracked 
| 210|0x00000007ed200000, 0x00000007ed200000, 0x00000007ed300000|  0%| F|  |TAMS 0x00000007ed200000, 0x00000007ed200000| Untracked 
| 211|0x00000007ed300000, 0x00000007ed300000, 0x00000007ed400000|  0%| F|  |TAMS 0x00000007ed300000, 0x00000007ed300000| Untracked 
| 212|0x00000007ed400000, 0x00000007ed400000, 0x00000007ed500000|  0%| F|  |TAMS 0x00000007ed400000, 0x00000007ed400000| Untracked 
| 213|0x00000007ed500000, 0x00000007ed500000, 0x00000007ed600000|  0%| F|  |TAMS 0x00000007ed500000, 0x00000007ed500000| Untracked 
| 214|0x00000007ed600000, 0x00000007ed600000, 0x00000007ed700000|  0%| F|  |TAMS 0x00000007ed600000, 0x00000007ed600000| Untracked 
| 215|0x00000007ed700000, 0x00000007ed700000, 0x00000007ed800000|  0%| F|  |TAMS 0x00000007ed700000, 0x00000007ed700000| Untracked 
| 216|0x00000007ed800000, 0x00000007ed800000, 0x00000007ed900000|  0%| F|  |TAMS 0x00000007ed800000, 0x00000007ed800000| Untracked 
| 217|0x00000007ed900000, 0x00000007ed900000, 0x00000007eda00000|  0%| F|  |TAMS 0x00000007ed900000, 0x00000007ed900000| Untracked 
| 218|0x00000007eda00000, 0x00000007eda00000, 0x00000007edb00000|  0%| F|  |TAMS 0x00000007eda00000, 0x00000007eda00000| Untracked 
| 219|0x00000007edb00000, 0x00000007edb00000, 0x00000007edc00000|  0%| F|  |TAMS 0x00000007edb00000, 0x00000007edb00000| Untracked 
| 220|0x00000007edc00000, 0x00000007edc00000, 0x00000007edd00000|  0%| F|  |TAMS 0x00000007edc00000, 0x00000007edc00000| Untracked 
| 221|0x00000007edd00000, 0x00000007edd00000, 0x00000007ede00000|  0%| F|  |TAMS 0x00000007edd00000, 0x00000007edd00000| Untracked 
| 222|0x00000007ede00000, 0x00000007ede00000, 0x00000007edf00000|  0%| F|  |TAMS 0x00000007ede00000, 0x00000007ede00000| Untracked 
| 223|0x00000007edf00000, 0x00000007edf00000, 0x00000007ee000000|  0%| F|  |TAMS 0x00000007edf00000, 0x00000007edf00000| Untracked 
| 224|0x00000007ee000000, 0x00000007ee000000, 0x00000007ee100000|  0%| F|  |TAMS 0x00000007ee000000, 0x00000007ee000000| Untracked 
| 225|0x00000007ee100000, 0x00000007ee100000, 0x00000007ee200000|  0%| F|  |TAMS 0x00000007ee100000, 0x00000007ee100000| Untracked 
| 226|0x00000007ee200000, 0x00000007ee200000, 0x00000007ee300000|  0%| F|  |TAMS 0x00000007ee200000, 0x00000007ee200000| Untracked 
| 227|0x00000007ee300000, 0x00000007ee300000, 0x00000007ee400000|  0%| F|  |TAMS 0x00000007ee300000, 0x00000007ee300000| Untracked 
| 228|0x00000007ee400000, 0x00000007ee400000, 0x00000007ee500000|  0%| F|  |TAMS 0x00000007ee400000, 0x00000007ee400000| Untracked 
| 229|0x00000007ee500000, 0x00000007ee500000, 0x00000007ee600000|  0%| F|  |TAMS 0x00000007ee500000, 0x00000007ee500000| Untracked 
| 230|0x00000007ee600000, 0x00000007ee600000, 0x00000007ee700000|  0%| F|  |TAMS 0x00000007ee600000, 0x00000007ee600000| Untracked 
| 231|0x00000007ee700000, 0x00000007ee700000, 0x00000007ee800000|  0%| F|  |TAMS 0x00000007ee700000, 0x00000007ee700000| Untracked 
| 232|0x00000007ee800000, 0x00000007ee800000, 0x00000007ee900000|  0%| F|  |TAMS 0x00000007ee800000, 0x00000007ee800000| Untracked 
| 233|0x00000007ee900000, 0x00000007ee900000, 0x00000007eea00000|  0%| F|  |TAMS 0x00000007ee900000, 0x00000007ee900000| Untracked 
| 234|0x00000007eea00000, 0x00000007eea00000, 0x00000007eeb00000|  0%| F|  |TAMS 0x00000007eea00000, 0x00000007eea00000| Untracked 
| 235|0x00000007eeb00000, 0x00000007eeb00000, 0x00000007eec00000|  0%| F|  |TAMS 0x00000007eeb00000, 0x00000007eeb00000| Untracked 
| 236|0x00000007eec00000, 0x00000007eec00000, 0x00000007eed00000|  0%| F|  |TAMS 0x00000007eec00000, 0x00000007eec00000| Untracked 
| 237|0x00000007eed00000, 0x00000007eed00000, 0x00000007eee00000|  0%| F|  |TAMS 0x00000007eed00000, 0x00000007eed00000| Untracked 
| 238|0x00000007eee00000, 0x00000007eee00000, 0x00000007eef00000|  0%| F|  |TAMS 0x00000007eee00000, 0x00000007eee00000| Untracked 
| 239|0x00000007eef00000, 0x00000007eefac970, 0x00000007ef000000| 67%| E|  |TAMS 0x00000007eef00000, 0x00000007eef00000| Complete 
| 240|0x00000007ef000000, 0x00000007ef100000, 0x00000007ef100000|100%| E|  |TAMS 0x00000007ef000000, 0x00000007ef000000| Complete 
| 241|0x00000007ef100000, 0x00000007ef200000, 0x00000007ef200000|100%| E|CS|TAMS 0x00000007ef100000, 0x00000007ef100000| Complete 
| 242|0x00000007ef200000, 0x00000007ef300000, 0x00000007ef300000|100%| E|CS|TAMS 0x00000007ef200000, 0x00000007ef200000| Complete 
| 243|0x00000007ef300000, 0x00000007ef400000, 0x00000007ef400000|100%| E|CS|TAMS 0x00000007ef300000, 0x00000007ef300000| Complete 
| 244|0x00000007ef400000, 0x00000007ef500000, 0x00000007ef500000|100%| E|CS|TAMS 0x00000007ef400000, 0x00000007ef400000| Complete 
| 245|0x00000007ef500000, 0x00000007ef600000, 0x00000007ef600000|100%| E|CS|TAMS 0x00000007ef500000, 0x00000007ef500000| Complete 
| 246|0x00000007ef600000, 0x00000007ef700000, 0x00000007ef700000|100%| E|CS|TAMS 0x00000007ef600000, 0x00000007ef600000| Complete 
| 247|0x00000007ef700000, 0x00000007ef800000, 0x00000007ef800000|100%| E|CS|TAMS 0x00000007ef700000, 0x00000007ef700000| Complete 
| 248|0x00000007ef800000, 0x00000007ef900000, 0x00000007ef900000|100%| E|CS|TAMS 0x00000007ef800000, 0x00000007ef800000| Complete 
| 249|0x00000007ef900000, 0x00000007efa00000, 0x00000007efa00000|100%| E|CS|TAMS 0x00000007ef900000, 0x00000007ef900000| Complete 
| 250|0x00000007efa00000, 0x00000007efb00000, 0x00000007efb00000|100%| E|CS|TAMS 0x00000007efa00000, 0x00000007efa00000| Complete 
| 251|0x00000007efb00000, 0x00000007efc00000, 0x00000007efc00000|100%| E|CS|TAMS 0x00000007efb00000, 0x00000007efb00000| Complete 
| 252|0x00000007efc00000, 0x00000007efd00000, 0x00000007efd00000|100%| E|CS|TAMS 0x00000007efc00000, 0x00000007efc00000| Complete 
| 253|0x00000007efd00000, 0x00000007efe00000, 0x00000007efe00000|100%| E|CS|TAMS 0x00000007efd00000, 0x00000007efd00000| Complete 
| 254|0x00000007efe00000, 0x00000007eff00000, 0x00000007eff00000|100%| E|CS|TAMS 0x00000007efe00000, 0x00000007efe00000| Complete 
| 255|0x00000007eff00000, 0x00000007f0000000, 0x00000007f0000000|100%| E|CS|TAMS 0x00000007eff00000, 0x00000007eff00000| Complete 
| 510|0x00000007ffe00000, 0x00000007ffe48000, 0x00000007fff00000| 28%|OA|  |TAMS 0x00000007ffe00000, 0x00000007ffe00000| Untracked 
| 511|0x00000007fff00000, 0x00000007fff77000, 0x0000000800000000| 46%|CA|  |TAMS 0x00000007fff00000, 0x00000007fff00000| Untracked 

Card table byte_map: [0x000000010b4c3000,0x000000010b5c3000] _byte_map_base: 0x00000001075c3000

Marking Bits (Prev, Next): (CMBitMap*) 0x00007faec9013e18, (CMBitMap*) 0x00007faec9013e58
 Prev Bits: [0x000000012959a000, 0x0000000129d9a000)
 Next Bits: [0x0000000129d9a000, 0x000000012a59a000)

Polling page: 0x0000000102db3000

Metaspace:

Usage:
  Non-class:      6.47 MB capacity,     5.12 MB ( 79%) used,     1.33 MB ( 21%) free+waste,    11.69 KB ( <1%) overhead. 
      Class:    833.00 KB capacity,   700.61 KB ( 84%) used,   126.20 KB ( 15%) free+waste,     6.19 KB ( <1%) overhead. 
       Both:      7.28 MB capacity,     5.81 MB ( 80%) used,     1.45 MB ( 20%) free+waste,    17.88 KB ( <1%) overhead. 

Virtual space:
  Non-class space:        8.00 MB reserved,       6.50 MB ( 81%) committed 
      Class space:        1.00 GB reserved,     896.00 KB ( <1%) committed 
             Both:        1.01 GB reserved,       7.38 MB ( <1%) committed 

Chunk freelists:
   Non-Class:  2.00 KB
       Class:  11.00 KB
        Both:  13.00 KB

MaxMetaspaceSize: unlimited
CompressedClassSpaceSize: 1.00 GB

CodeHeap 'non-profiled nmethods': size=120028Kb used=271Kb max_used=271Kb free=119756Kb
 bounds [0x0000000122063000, 0x00000001222d3000, 0x000000012959a000]
CodeHeap 'profiled nmethods': size=120028Kb used=1883Kb max_used=1883Kb free=118144Kb
 bounds [0x000000011ab2c000, 0x000000011ad9c000, 0x0000000122063000]
CodeHeap 'non-nmethods': size=5704Kb used=1164Kb max_used=1182Kb free=4539Kb
 bounds [0x000000011a59a000, 0x000000011a80a000, 0x000000011ab2c000]
 total_blobs=1559 nmethods=933 adapters=328
 compilation: enabled
              stopped_count=0, restarted_count=0
 full_count=0

Compilation events (20 events):
Event: 0.820 Thread 0x00007faeca018800 nmethod 921 0x00000001220a5890 code [0x00000001220a5a20, 0x00000001220a5b50]
Event: 0.822 Thread 0x00007faeca018800  923   !   3       java.util.jar.JarFile::isMultiRelease (33 bytes)
Event: 0.822 Thread 0x00007faeca018800 nmethod 923 0x000000011ad00710 code [0x000000011ad008c0, 0x000000011ad00b28]
Event: 0.822 Thread 0x00007faeca018800  924       3       java.util.jar.JarFile::getEntry0 (24 bytes)
Event: 0.823 Thread 0x00007faeca018800 nmethod 924 0x000000011ad00c10 code [0x000000011ad00de0, 0x000000011ad01388]
Event: 0.824 Thread 0x00007faeca018800  926       1       kotlin.collections.EmptyIterator::hasNext (2 bytes)
Event: 0.824 Thread 0x00007faeca018800 nmethod 926 0x00000001220a5f90 code [0x00000001220a6120, 0x00000001220a6250]
Event: 0.824 Thread 0x00007faeca018800  927       3       kotlin.collections.EmptySet::iterator (7 bytes)
Event: 0.824 Thread 0x00007faeca018800 nmethod 927 0x000000011ad01510 code [0x000000011ad016a0, 0x000000011ad01830]
Event: 0.824 Thread 0x00007faeca018800  928       1       java.io.ObjectStreamField::getName (5 bytes)
Event: 0.825 Thread 0x00007faeca018800 nmethod 928 0x00000001220a6310 code [0x00000001220a64a0, 0x00000001220a65d0]
Event: 0.825 Thread 0x00007faeca018800  929       1       java.lang.reflect.Field::getName (5 bytes)
Event: 0.825 Thread 0x00007faeca015000  930       4       kotlin.collections.EmptySet::iterator (7 bytes)
Event: 0.825 Thread 0x00007faeca018800 nmethod 929 0x00000001220a6610 code [0x00000001220a67a0, 0x00000001220a68d0]
Event: 0.825 Thread 0x00007faeca018800  931       3       jdk.internal.reflect.ClassFileAssembler::emitConstantPoolMethodref (28 bytes)
Event: 0.826 Thread 0x00007faeca015000 nmethod 930 0x00000001220a6910 code [0x00000001220a6a80, 0x00000001220a6af8]
Event: 0.826 Thread 0x00007faeca018800 nmethod 931 0x000000011ad01910 code [0x000000011ad01b40, 0x000000011ad022a8]
Event: 0.826 Thread 0x00007faeca018800  932       1       java.util.concurrent.locks.AbstractOwnableSynchronizer::setExclusiveOwnerThread (6 bytes)
Event: 0.826 Thread 0x00007faeca018800 nmethod 932 0x00000001220a6c10 code [0x00000001220a6da0, 0x00000001220a6f30]
Event: 0.826 Thread 0x00007faeca018800  933       3       java.util.regex.Pattern$GroupHead::match (47 bytes)

GC Heap History (0 events):
No events

Deoptimization events (20 events):
Event: 0.720 Thread 0x00007faeca081800 Uncommon trap: trap_request=0xffffff45 fr.pc=0x000000012209a918 relative=0x0000000000000538
Event: 0.720 Thread 0x00007faeca081800 Uncommon trap: reason=unstable_if action=reinterpret pc=0x000000012209a918 method=java.util.concurrent.ConcurrentHashMap.get(Ljava/lang/Object;)Ljava/lang/Object; @ 76 c2
Event: 0.720 Thread 0x00007faeca081800 DEOPT PACKING pc=0x000000012209a918 sp=0x000000030b34d210
Event: 0.720 Thread 0x00007faeca081800 DEOPT UNPACKING pc=0x000000011a5e311f sp=0x000000030b34d1b8 mode 2
Event: 0.721 Thread 0x00007faeca081800 Uncommon trap: trap_request=0xffffffde fr.pc=0x000000012209706c relative=0x0000000000000a6c
Event: 0.721 Thread 0x00007faeca081800 Uncommon trap: reason=class_check action=maybe_recompile pc=0x000000012209706c method=java.util.HashMap.putVal(ILjava/lang/Object;Ljava/lang/Object;ZZ)Ljava/lang/Object; @ 91 c2
Event: 0.721 Thread 0x00007faeca081800 DEOPT PACKING pc=0x000000012209706c sp=0x000000030b34da40
Event: 0.721 Thread 0x00007faeca081800 DEOPT UNPACKING pc=0x000000011a5e311f sp=0x000000030b34d9f0 mode 2
Event: 0.729 Thread 0x00007faeca081800 Uncommon trap: trap_request=0xffffffde fr.pc=0x000000012209706c relative=0x0000000000000a6c
Event: 0.729 Thread 0x00007faeca081800 Uncommon trap: reason=class_check action=maybe_recompile pc=0x000000012209706c method=java.util.HashMap.putVal(ILjava/lang/Object;Ljava/lang/Object;ZZ)Ljava/lang/Object; @ 91 c2
Event: 0.729 Thread 0x00007faeca081800 DEOPT PACKING pc=0x000000012209706c sp=0x000000030b34da60
Event: 0.729 Thread 0x00007faeca081800 DEOPT UNPACKING pc=0x000000011a5e311f sp=0x000000030b34da10 mode 2
Event: 0.737 Thread 0x00007faeca081800 Uncommon trap: trap_request=0xffffffde fr.pc=0x000000012209706c relative=0x0000000000000a6c
Event: 0.737 Thread 0x00007faeca081800 Uncommon trap: reason=class_check action=maybe_recompile pc=0x000000012209706c method=java.util.HashMap.putVal(ILjava/lang/Object;Ljava/lang/Object;ZZ)Ljava/lang/Object; @ 91 c2
Event: 0.737 Thread 0x00007faeca081800 DEOPT PACKING pc=0x000000012209706c sp=0x000000030b34da60
Event: 0.737 Thread 0x00007faeca081800 DEOPT UNPACKING pc=0x000000011a5e311f sp=0x000000030b34da10 mode 2
Event: 0.737 Thread 0x00007faeca081800 Uncommon trap: trap_request=0xffffffde fr.pc=0x000000012209706c relative=0x0000000000000a6c
Event: 0.737 Thread 0x00007faeca081800 Uncommon trap: reason=class_check action=maybe_recompile pc=0x000000012209706c method=java.util.HashMap.putVal(ILjava/lang/Object;Ljava/lang/Object;ZZ)Ljava/lang/Object; @ 91 c2
Event: 0.737 Thread 0x00007faeca081800 DEOPT PACKING pc=0x000000012209706c sp=0x000000030b34da60
Event: 0.737 Thread 0x00007faeca081800 DEOPT UNPACKING pc=0x000000011a5e311f sp=0x000000030b34da10 mode 2

Classes unloaded (0 events):
No events

Classes redefined (0 events):
No events

Internal exceptions (10 events):
Event: 0.286 Thread 0x00007faeca009800 Exception <a 'java/lang/NoSuchMethodError'{0x00000007efa41018}: 'java.lang.Object java.lang.invoke.DirectMethodHandle$Holder.invokeVirtual(java.lang.Object, java.lang.Object, java.lang.Object, java.lang.Object, java.lang.Object)'> (0x00000007efa41018) 
thrown [../../src/hotspot/share/interpreter/linkResolver.cpp, line 767]
Event: 0.414 Thread 0x00007faeca009800 Exception <a 'java/lang/NoSuchMethodError'{0x00000007ef83ebc0}: static Lorg/gradle/api/internal/tasks/testing/junit/JUnitTestFramework$TestClassProcessorFactoryImpl;.<clinit>()V> (0x00000007ef83ebc0) 
thrown [../../src/hotspot/share/prims/jni.cpp, line 1347]
Event: 0.416 Thread 0x00007faeca009800 Exception <a 'java/lang/NoSuchMethodError'{0x00000007ef847218}: static Lorg/gradle/api/internal/tasks/testing/junit/AbstractJUnitSpec;.<clinit>()V> (0x00000007ef847218) 
thrown [../../src/hotspot/share/prims/jni.cpp, line 1347]
Event: 0.417 Thread 0x00007faeca009800 Exception <a 'java/lang/NoSuchMethodError'{0x00000007ef84f0a8}: static Lorg/gradle/api/internal/tasks/testing/junit/JUnitSpec;.<clinit>()V> (0x00000007ef84f0a8) 
thrown [../../src/hotspot/share/prims/jni.cpp, line 1347]
Event: 0.438 Thread 0x00007faeca009800 Exception <a 'java/net/ConnectException'{0x00000007ef8b1740}> (0x00000007ef8b1740) 
thrown [../../src/hotspot/share/prims/jni.cpp, line 598]
Event: 0.713 Thread 0x00007faeca081800 Exception <a 'java/lang/IncompatibleClassChangeError'{0x00000007ef226bc0}: Found class java.lang.Object, but interface was expected> (0x00000007ef226bc0) 
thrown [../../src/hotspot/share/interpreter/linkResolver.cpp, line 833]
Event: 0.749 Thread 0x00007faeca081800 Exception <a 'java/lang/NoSuchMethodError'{0x00000007ef2f93e8}: 'int java.lang.invoke.DirectMethodHandle$Holder.invokeSpecialIFC(java.lang.Object, java.lang.Object, int)'> (0x00000007ef2f93e8) 
thrown [../../src/hotspot/share/interpreter/linkResolver.cpp, line 767]
Event: 0.814 Thread 0x00007faeca081800 Exception <a 'java/lang/reflect/InvocationTargetException'{0x00000007eef8a420}> (0x00000007eef8a420) 
thrown [../../src/hotspot/share/runtime/reflection.cpp, line 1188]
Event: 0.820 Thread 0x00007faeca081800 Exception <a 'java/lang/reflect/InvocationTargetException'{0x00000007eef9bce0}> (0x00000007eef9bce0) 
thrown [../../src/hotspot/share/runtime/reflection.cpp, line 1188]
Event: 0.826 Thread 0x00007faeca081800 Exception <a 'java/lang/reflect/InvocationTargetException'{0x00000007eefaa3a8}> (0x00000007eefaa3a8) 
thrown [../../src/hotspot/share/runtime/reflection.cpp, line 1188]

Events (20 events):
Event: 0.822 loading class org/gradle/api/Transformer
Event: 0.822 loading class org/gradle/api/Transformer done
Event: 0.822 loading class java/io/ObjectOutputStream$BlockDataOutputStream
Event: 0.822 loading class java/io/ObjectOutputStream$BlockDataOutputStream done
Event: 0.822 loading class java/io/ObjectOutputStream$HandleTable
Event: 0.822 loading class java/io/ObjectOutputStream$HandleTable done
Event: 0.822 loading class java/io/ObjectOutputStream$ReplaceTable
Event: 0.822 loading class kotlin/collections/EmptySet
Event: 0.822 loading class kotlin/collections/EmptySet done
Event: 0.822 loading class java/io/ObjectOutputStream$ReplaceTable done
Event: 0.822 loading class org/gradle/internal/serialize/ExceptionReplacingObjectOutputStream$1
Event: 0.822 loading class org/gradle/internal/serialize/ExceptionReplacingObjectOutputStream$1 done
Event: 0.822 loading class kotlin/jvm/internal/markers/KMappedMarker
Event: 0.822 loading class kotlin/jvm/internal/markers/KMappedMarker done
Event: 0.823 loading class kotlin/collections/EmptyIterator
Event: 0.823 loading class kotlin/collections/EmptyIterator done
Event: 0.824 loading class java/io/PrintWriter
Event: 0.824 loading class java/io/PrintWriter done
Event: 0.824 loading class java/lang/Throwable$PrintStreamOrWriter
Event: 0.824 loading class java/lang/Throwable$PrintStreamOrWriter done


Dynamic libraries:
0x00007ffdfff03000 	/Library/Apple/usr/libexec/oah/runtime
0x00007fff2a5fc000 	/usr/lib/libz.1.dylib
0x000000010b057000 	/Users/yeochinyi/.sdkman/candidates/java/13.0.2.hs-adpt/lib/libjli.dylib
0x00007fff3529a000 	/System/Library/Frameworks/Cocoa.framework/Versions/A/Cocoa
0x00007fff22159000 	/System/Library/Frameworks/Security.framework/Versions/A/Security
0x00007fff33499000 	/System/Library/Frameworks/ApplicationServices.framework/Versions/A/ApplicationServices
0x00007fff2a6c8000 	/usr/lib/libSystem.B.dylib
0x00007fff2a6c2000 	/usr/lib/system/libcache.dylib
0x00007fff2a67e000 	/usr/lib/system/libcommonCrypto.dylib
0x00007fff2a6a8000 	/usr/lib/system/libcompiler_rt.dylib
0x00007fff2a69d000 	/usr/lib/system/libcopyfile.dylib
0x00007fff200fa000 	/usr/lib/system/libcorecrypto.dylib
0x00007fff201c6000 	/usr/lib/system/libdispatch.dylib
0x00007fff2037b000 	/usr/lib/system/libdyld.dylib
0x00007fff2a6b9000 	/usr/lib/system/libkeymgr.dylib
0x00007fff2dc57000 	/usr/lib/system/liblaunch.dylib
0x00007fff2a65c000 	/usr/lib/system/libmacho.dylib
0x00007fff29e72000 	/usr/lib/system/libquarantine.dylib
0x00007fff2a6b6000 	/usr/lib/system/libremovefile.dylib
0x00007fff24aee000 	/usr/lib/system/libsystem_asl.dylib
0x00007fff200aa000 	/usr/lib/system/libsystem_blocks.dylib
0x00007fff20248000 	/usr/lib/system/libsystem_c.dylib
0x00007fff2a6b0000 	/usr/lib/system/libsystem_collections.dylib
0x00007fff2925f000 	/usr/lib/system/libsystem_configuration.dylib
0x00007fff2854f000 	/usr/lib/system/libsystem_containermanager.dylib
0x00007fff2a3f4000 	/usr/lib/system/libsystem_coreservices.dylib
0x00007fff2270d000 	/usr/lib/system/libsystem_darwin.dylib
0x00007fff2a6ba000 	/usr/lib/system/libsystem_dnssd.dylib
0x00007fff20245000 	/usr/lib/system/libsystem_featureflags.dylib
0x00007fff203c0000 	/usr/lib/system/libsystem_info.dylib
0x00007fff2a60f000 	/usr/lib/system/libsystem_m.dylib
0x00007fff20199000 	/usr/lib/system/libsystem_malloc.dylib
0x00007fff24a82000 	/usr/lib/system/libsystem_networkextension.dylib
0x00007fff22b27000 	/usr/lib/system/libsystem_notify.dylib
0x00007fff30104000 	/usr/lib/system/libsystem_product_info_filter.dylib
0x00007fff29263000 	/usr/lib/system/libsystem_sandbox.dylib
0x00007fff2a6b3000 	/usr/lib/system/libsystem_secinit.dylib
0x00007fff20340000 	/usr/lib/system/libsystem_kernel.dylib
0x00007fff203b6000 	/usr/lib/system/libsystem_platform.dylib
0x00007fff2036f000 	/usr/lib/system/libsystem_pthread.dylib
0x00007fff2621b000 	/usr/lib/system/libsystem_symptoms.dylib
0x00007fff200e2000 	/usr/lib/system/libsystem_trace.dylib
0x00007fff2a68a000 	/usr/lib/system/libunwind.dylib
0x00007fff200ac000 	/usr/lib/system/libxpc.dylib
0x00007fff20327000 	/usr/lib/libc++abi.dylib
0x00007fff2020b000 	/usr/lib/libobjc.A.dylib
0x00007fff2a695000 	/usr/lib/liboah.dylib
0x00007fff202d1000 	/usr/lib/libc++.1.dylib
0x00007fff203ec000 	/System/Library/Frameworks/CoreFoundation.framework/Versions/A/CoreFoundation
0x00007fff210ce000 	/System/Library/Frameworks/Foundation.framework/Versions/C/Foundation
0x00007fff22b7f000 	/System/Library/Frameworks/AppKit.framework/Versions/C/AppKit
0x00007fff25a3b000 	/System/Library/Frameworks/CoreData.framework/Versions/A/CoreData
0x00007fff238e2000 	/System/Library/PrivateFrameworks/UIFoundation.framework/Versions/A/UIFoundation
0x00007fff2fe7d000 	/System/Library/PrivateFrameworks/RemoteViewServices.framework/Versions/A/RemoteViewServices
0x00007fff28c19000 	/System/Library/PrivateFrameworks/XCTTargetBootstrap.framework/Versions/A/XCTTargetBootstrap
0x00007fff2b965000 	/usr/lib/libspindump.dylib
0x00007fff23b36000 	/System/Library/Frameworks/UniformTypeIdentifiers.framework/Versions/A/UniformTypeIdentifiers
0x00007fff273f0000 	/usr/lib/libapp_launch_measurement.dylib
0x00007fff273f3000 	/System/Library/PrivateFrameworks/CoreAutoLayout.framework/Versions/A/CoreAutoLayout
0x00007fff2857b000 	/System/Library/Frameworks/Metal.framework/Versions/A/Metal
0x00007fff2926e000 	/usr/lib/liblangid.dylib
0x00007fff28c1d000 	/System/Library/PrivateFrameworks/CoreSVG.framework/Versions/A/CoreSVG
0x00007fff24b1d000 	/System/Library/PrivateFrameworks/SkyLight.framework/Versions/A/SkyLight
0x00007fff24e83000 	/System/Library/Frameworks/CoreGraphics.framework/Versions/A/CoreGraphics
0x00007fff304d4000 	/System/Library/Frameworks/Accelerate.framework/Versions/A/Accelerate
0x00007fff2b3a0000 	/System/Library/PrivateFrameworks/IconServices.framework/Versions/A/IconServices
0x00007fff28560000 	/System/Library/Frameworks/IOSurface.framework/Versions/A/IOSurface
0x00007fff263cd000 	/usr/lib/libDiagnosticMessagesClient.dylib
0x00007fff28c05000 	/System/Library/PrivateFrameworks/DFRFoundation.framework/Versions/A/DFRFoundation
0x00007fff224ab000 	/usr/lib/libicucore.A.dylib
0x00007fff2cea5000 	/System/Library/Frameworks/AudioToolbox.framework/Versions/A/AudioToolbox
0x00007fff2c14b000 	/System/Library/PrivateFrameworks/DataDetectorsCore.framework/Versions/A/DataDetectorsCore
0x00007fff28905000 	/System/Library/Frameworks/Carbon.framework/Versions/A/Frameworks/HIToolbox.framework/Versions/A/HIToolbox
0x00007fff26e48000 	/System/Library/Frameworks/QuartzCore.framework/Versions/A/QuartzCore
0x00007fff2feb9000 	/System/Library/Frameworks/Carbon.framework/Versions/A/Frameworks/SpeechRecognition.framework/Versions/A/SpeechRecognition
0x00007fff27158000 	/System/Library/PrivateFrameworks/CoreUI.framework/Versions/A/CoreUI
0x00007fff21ab5000 	/System/Library/Frameworks/CoreAudio.framework/Versions/A/CoreAudio
0x00007fff264b8000 	/System/Library/Frameworks/DiskArbitration.framework/Versions/A/DiskArbitration
0x00007fff2bd5f000 	/System/Library/PrivateFrameworks/MultitouchSupport.framework/Versions/A/MultitouchSupport
0x00007fff2c142000 	/System/Library/PrivateFrameworks/InternationalSupport.framework/Versions/A/InternationalSupport
0x00007fff24a91000 	/usr/lib/libenergytrace.dylib
0x00007fff22a79000 	/System/Library/Frameworks/IOKit.framework/Versions/A/IOKit
0x00007fff30206000 	/System/Library/Frameworks/CoreServices.framework/Versions/A/CoreServices
0x00007fff27386000 	/System/Library/PrivateFrameworks/PerformanceAnalysis.framework/Versions/A/PerformanceAnalysis
0x00007fff6cb0f000 	/System/Library/Frameworks/OpenGL.framework/Versions/A/OpenGL
0x00007fff2c1c7000 	/System/Library/PrivateFrameworks/UserActivity.framework/Versions/A/UserActivity
0x00007fff2553d000 	/System/Library/Frameworks/ColorSync.framework/Versions/A/ColorSync
0x00007fff28e85000 	/System/Library/Frameworks/CoreImage.framework/Versions/A/CoreImage
0x00007fff218cc000 	/System/Library/Frameworks/CoreText.framework/Versions/A/CoreText
0x00007fff28c47000 	/System/Library/Frameworks/ImageIO.framework/Versions/A/ImageIO
0x00007fff2a6ce000 	/System/Library/PrivateFrameworks/SoftLinking.framework/Versions/A/SoftLinking
0x00007fff2743c000 	/usr/lib/libxml2.2.dylib
0x00007fff2a940000 	/usr/lib/libcompression.dylib
0x00007fff24a92000 	/usr/lib/libMobileGestalt.dylib
0x00007fff2c075000 	/System/Library/PrivateFrameworks/TextureIO.framework/Versions/A/TextureIO
0x00007fff2b02d000 	/usr/lib/libate.dylib
0x00007fff2ad59000 	/usr/lib/liblzma.5.dylib
0x00007fff20de2000 	/System/Library/Frameworks/SystemConfiguration.framework/Versions/A/SystemConfiguration
0x00007fff2a6ca000 	/usr/lib/libfakelink.dylib
0x00007fff245e4000 	/System/Library/Frameworks/CFNetwork.framework/Versions/A/CFNetwork
0x00007fff2a80a000 	/usr/lib/libarchive.2.dylib
0x00007fff20e60000 	/usr/lib/libCRFSuite.dylib
0x00007fff29e99000 	/usr/lib/libbsm.0.dylib
0x00007fff23fa0000 	/usr/lib/libnetwork.dylib
0x00007fff2a6cf000 	/usr/lib/libpcap.A.dylib
0x00007fff26214000 	/usr/lib/libdns_services.dylib
0x00007fff2ad72000 	/usr/lib/libcoretls_cfhelpers.dylib
0x00007fff2a90e000 	/usr/lib/libapple_nghttp2.dylib
0x00007fff2a662000 	/usr/lib/system/libkxld.dylib
0x00007fff25e82000 	/usr/lib/libsqlite3.dylib
0x00007fff2a3d6000 	/System/Library/PrivateFrameworks/AppleFSCompression.framework/Versions/A/AppleFSCompression
0x00007fff29e81000 	/usr/lib/libcoretls.dylib
0x00007fff2a93b000 	/usr/lib/libpam.2.dylib
0x00007fff2ae6e000 	/usr/lib/libxar.1.dylib
0x00007fff2926a000 	/System/Library/PrivateFrameworks/AppleSystemInfo.framework/Versions/A/AppleSystemInfo
0x00007fff29ac4000 	/System/Library/PrivateFrameworks/IOMobileFramebuffer.framework/Versions/A/IOMobileFramebuffer
0x00007fff2a3e6000 	/usr/lib/libbz2.1.0.dylib
0x00007fff2a707000 	/usr/lib/libiconv.2.dylib
0x00007fff2a65b000 	/usr/lib/libcharset.1.dylib
0x00007fff273c2000 	/System/Library/Frameworks/CoreServices.framework/Versions/A/Frameworks/FSEvents.framework/Versions/A/FSEvents
0x00007fff22717000 	/System/Library/Frameworks/CoreServices.framework/Versions/A/Frameworks/CarbonCore.framework/Versions/A/CarbonCore
0x00007fff2641d000 	/System/Library/Frameworks/CoreServices.framework/Versions/A/Frameworks/Metadata.framework/Versions/A/Metadata
0x00007fff2a3f9000 	/System/Library/Frameworks/CoreServices.framework/Versions/A/Frameworks/OSServices.framework/Versions/A/OSServices
0x00007fff2a87c000 	/System/Library/Frameworks/CoreServices.framework/Versions/A/Frameworks/SearchKit.framework/Versions/A/SearchKit
0x00007fff2619e000 	/System/Library/Frameworks/CoreServices.framework/Versions/A/Frameworks/AE.framework/Versions/A/AE
0x00007fff20888000 	/System/Library/Frameworks/CoreServices.framework/Versions/A/Frameworks/LaunchServices.framework/Versions/A/LaunchServices
0x00007fff2ad0a000 	/System/Library/Frameworks/CoreServices.framework/Versions/A/Frameworks/DictionaryServices.framework/Versions/A/DictionaryServices
0x00007fff273cb000 	/System/Library/Frameworks/CoreServices.framework/Versions/A/Frameworks/SharedFileList.framework/Versions/A/SharedFileList
0x00007fff29e75000 	/usr/lib/libCheckFix.dylib
0x00007fff24b05000 	/System/Library/PrivateFrameworks/TCC.framework/Versions/A/TCC
0x00007fff29270000 	/System/Library/PrivateFrameworks/CoreNLP.framework/Versions/A/CoreNLP
0x00007fff263d0000 	/System/Library/PrivateFrameworks/MetadataUtilities.framework/Versions/A/MetadataUtilities
0x00007fff20e96000 	/usr/lib/libmecabra.dylib
0x00007fff2a189000 	/System/Library/Frameworks/MLCompute.framework/Versions/A/MLCompute
0x00007fff29eaa000 	/usr/lib/libmecab.dylib
0x00007fff29ef4000 	/usr/lib/libgermantok.dylib
0x00007fff2a8e4000 	/usr/lib/libThaiTokenizer.dylib
0x00007fff2aea9000 	/usr/lib/libChineseTokenizer.dylib
0x00007fff2a939000 	/System/Library/Frameworks/MetalPerformanceShaders.framework/Versions/A/MetalPerformanceShaders
0x00007fff264bf000 	/System/Library/Frameworks/Accelerate.framework/Versions/A/Frameworks/vImage.framework/Versions/A/vImage
0x00007fff301df000 	/System/Library/Frameworks/Accelerate.framework/Versions/A/Frameworks/vecLib.framework/Versions/A/vecLib
0x00007fff2aeb4000 	/System/Library/Frameworks/Accelerate.framework/Versions/A/Frameworks/vecLib.framework/Versions/A/libvMisc.dylib
0x00007fff29920000 	/System/Library/Frameworks/Accelerate.framework/Versions/A/Frameworks/vecLib.framework/Versions/A/libvDSP.dylib
0x00007fff20b8c000 	/System/Library/Frameworks/Accelerate.framework/Versions/A/Frameworks/vecLib.framework/Versions/A/libBLAS.dylib
0x00007fff2a95f000 	/System/Library/Frameworks/Accelerate.framework/Versions/A/Frameworks/vecLib.framework/Versions/A/libLAPACK.dylib
0x00007fff29efa000 	/System/Library/Frameworks/Accelerate.framework/Versions/A/Frameworks/vecLib.framework/Versions/A/libLinearAlgebra.dylib
0x00007fff2a926000 	/System/Library/Frameworks/Accelerate.framework/Versions/A/Frameworks/vecLib.framework/Versions/A/libSparseBLAS.dylib
0x00007fff2a959000 	/System/Library/Frameworks/Accelerate.framework/Versions/A/Frameworks/vecLib.framework/Versions/A/libQuadrature.dylib
0x00007fff29318000 	/System/Library/Frameworks/Accelerate.framework/Versions/A/Frameworks/vecLib.framework/Versions/A/libBNNS.dylib
0x00007fff20d73000 	/System/Library/Frameworks/Accelerate.framework/Versions/A/Frameworks/vecLib.framework/Versions/A/libSparse.dylib
0x00007fff29203000 	/System/Library/Frameworks/MetalPerformanceShaders.framework/Versions/A/Frameworks/MPSCore.framework/Versions/A/MPSCore
0x00007fff2a345000 	/System/Library/Frameworks/MetalPerformanceShaders.framework/Versions/A/Frameworks/MPSImage.framework/Versions/A/MPSImage
0x00007fff29f11000 	/System/Library/Frameworks/MetalPerformanceShaders.framework/Versions/A/Frameworks/MPSNeuralNetwork.framework/Versions/A/MPSNeuralNetwork
0x00007fff2a2d0000 	/System/Library/Frameworks/MetalPerformanceShaders.framework/Versions/A/Frameworks/MPSMatrix.framework/Versions/A/MPSMatrix
0x00007fff2a139000 	/System/Library/Frameworks/MetalPerformanceShaders.framework/Versions/A/Frameworks/MPSRayIntersector.framework/Versions/A/MPSRayIntersector
0x00007fff2a307000 	/System/Library/Frameworks/MetalPerformanceShaders.framework/Versions/A/Frameworks/MPSNDArray.framework/Versions/A/MPSNDArray
0x00007fff20ab8000 	/System/Library/PrivateFrameworks/MetalTools.framework/Versions/A/MetalTools
0x00007fff29268000 	/System/Library/PrivateFrameworks/AggregateDictionary.framework/Versions/A/AggregateDictionary
0x00007fff263a8000 	/System/Library/PrivateFrameworks/CoreAnalytics.framework/Versions/A/CoreAnalytics
0x00007fff2a8e6000 	/System/Library/PrivateFrameworks/AppleSauce.framework/Versions/A/AppleSauce
0x00007fff28572000 	/System/Library/PrivateFrameworks/IOAccelerator.framework/Versions/A/IOAccelerator
0x00007fff6cb03000 	/System/Library/Frameworks/OpenGL.framework/Versions/A/Libraries/libCoreFSCache.dylib
0x00007fff21432000 	/System/Library/PrivateFrameworks/LanguageModeling.framework/Versions/A/LanguageModeling
0x00007fff29ab1000 	/System/Library/PrivateFrameworks/CoreEmoji.framework/Versions/A/CoreEmoji
0x00007fff29311000 	/System/Library/PrivateFrameworks/LinguisticData.framework/Versions/A/LinguisticData
0x00007fff20d25000 	/System/Library/PrivateFrameworks/Lexicon.framework/Versions/A/Lexicon
0x00007fff2a7f8000 	/usr/lib/libcmph.dylib
0x00007fff273a2000 	/System/Library/Frameworks/OpenDirectory.framework/Versions/A/Frameworks/CFOpenDirectory.framework/Versions/A/CFOpenDirectory
0x00007fff27392000 	/System/Library/Frameworks/OpenDirectory.framework/Versions/A/OpenDirectory
0x00007fff2ad74000 	/System/Library/PrivateFrameworks/APFS.framework/Versions/A/APFS
0x00007fff29dd6000 	/System/Library/Frameworks/SecurityFoundation.framework/Versions/A/SecurityFoundation
0x00007fff2ae7c000 	/usr/lib/libutil.dylib
0x00007fff22a3e000 	/System/Library/PrivateFrameworks/CoreServicesStore.framework/Versions/A/CoreServicesStore
0x00007fff29e6d000 	/System/Library/Frameworks/ServiceManagement.framework/Versions/A/ServiceManagement
0x00007fff2ae80000 	/usr/lib/libxslt.1.dylib
0x00007fff29e63000 	/System/Library/PrivateFrameworks/BackgroundTaskManagement.framework/Versions/A/BackgroundTaskManagement
0x00007fff2bfc0000 	/System/Library/Frameworks/ImageIO.framework/Versions/A/Resources/libRadiance.dylib
0x00007fff2bfc9000 	/System/Library/Frameworks/ImageIO.framework/Versions/A/Resources/libJPEG.dylib
0x00007fff2bf19000 	/System/Library/Frameworks/ImageIO.framework/Versions/A/Resources/libPng.dylib
0x00007fff2bf40000 	/System/Library/Frameworks/ImageIO.framework/Versions/A/Resources/libTIFF.dylib
0x00007fff2c01e000 	/System/Library/Frameworks/ImageIO.framework/Versions/A/Resources/libGIF.dylib
0x00007fff2bc7d000 	/System/Library/Frameworks/ImageIO.framework/Versions/A/Resources/libJP2.dylib
0x00007fff2b367000 	/usr/lib/libexpat.1.dylib
0x00007fff2bc32000 	/System/Library/PrivateFrameworks/AppleJPEG.framework/Versions/A/AppleJPEG
0x00007fff287a8000 	/System/Library/PrivateFrameworks/FontServices.framework/libFontParser.dylib
0x00007fff26152000 	/System/Library/PrivateFrameworks/RunningBoardServices.framework/Versions/A/RunningBoardServices
0x00007fff2bd5b000 	/System/Library/PrivateFrameworks/WatchdogClient.framework/Versions/A/WatchdogClient
0x00007fff2151f000 	/System/Library/Frameworks/CoreDisplay.framework/Versions/A/CoreDisplay
0x00007fff286be000 	/System/Library/Frameworks/CoreMedia.framework/Versions/A/CoreMedia
0x00007fff2751f000 	/System/Library/Frameworks/CoreVideo.framework/Versions/A/CoreVideo
0x00007fff2bd93000 	/System/Library/Frameworks/VideoToolbox.framework/Versions/A/VideoToolbox
0x00007fff260d0000 	/System/Library/PrivateFrameworks/BaseBoard.framework/Versions/A/BaseBoard
0x00007fff2b4ac000 	/System/Library/PrivateFrameworks/PersistentConnection.framework/Versions/A/PersistentConnection
0x00007fff25e6b000 	/System/Library/PrivateFrameworks/ProtocolBuffer.framework/Versions/A/ProtocolBuffer
0x00007fff260b7000 	/System/Library/PrivateFrameworks/CommonUtilities.framework/Versions/A/CommonUtilities
0x00007fff2bbc7000 	/System/Library/PrivateFrameworks/Bom.framework/Versions/A/Bom
0x00007fff2bfb9000 	/System/Library/PrivateFrameworks/GPUWrangler.framework/Versions/A/GPUWrangler
0x00007fff2bf9e000 	/System/Library/PrivateFrameworks/IOPresentment.framework/Versions/A/IOPresentment
0x00007fff2bfc3000 	/System/Library/PrivateFrameworks/DSExternalDisplay.framework/Versions/A/DSExternalDisplay
0x00007fff2c023000 	/System/Library/PrivateFrameworks/CMCaptureCore.framework/Versions/A/CMCaptureCore
0x00007fff2b94c000 	/System/Library/PrivateFrameworks/AppServerSupport.framework/Versions/A/AppServerSupport
0x00007fff2d9f6000 	/System/Library/PrivateFrameworks/perfdata.framework/Versions/A/perfdata
0x00007fff29dc5000 	/System/Library/PrivateFrameworks/AssertionServices.framework/Versions/A/AssertionServices
0x00007fff21656000 	/System/Library/PrivateFrameworks/AudioToolboxCore.framework/Versions/A/AudioToolboxCore
0x00007fff286a1000 	/System/Library/PrivateFrameworks/caulk.framework/Versions/A/caulk
0x00007fff3d683000 	/System/Library/PrivateFrameworks/SystemPolicy.framework/Versions/A/SystemPolicy
0x00007fff2b15c000 	/usr/lib/libIOReport.dylib
0x00007fff2d218000 	/usr/lib/libSMC.dylib
0x00007fff2bee6000 	/usr/lib/libAudioToolboxUtility.dylib
0x00007fff3dfed000 	/usr/lib/libmis.dylib
0x00007fff6cb5f000 	/System/Library/Frameworks/OpenGL.framework/Versions/A/Libraries/libGLU.dylib
0x00007fff6cb22000 	/System/Library/Frameworks/OpenGL.framework/Versions/A/Libraries/libGFXShared.dylib
0x00007fff6cd31000 	/System/Library/Frameworks/OpenGL.framework/Versions/A/Libraries/libGL.dylib
0x00007fff6cb2b000 	/System/Library/Frameworks/OpenGL.framework/Versions/A/Libraries/libGLImage.dylib
0x00007fff6cb1f000 	/System/Library/Frameworks/OpenGL.framework/Versions/A/Libraries/libCVMSPluginSupport.dylib
0x00007fff6cb0a000 	/System/Library/Frameworks/OpenGL.framework/Versions/A/Libraries/libCoreVMClient.dylib
0x00007fff6e172000 	/System/Library/Frameworks/OpenCL.framework/Versions/A/OpenCL
0x00007fff2b4d6000 	/System/Library/PrivateFrameworks/GraphVisualizer.framework/Versions/A/GraphVisualizer
0x00007fff2b4e5000 	/System/Library/PrivateFrameworks/FaceCore.framework/Versions/A/FaceCore
0x00007fff2b901000 	/System/Library/PrivateFrameworks/OTSVG.framework/Versions/A/OTSVG
0x00007fff27116000 	/System/Library/Frameworks/ApplicationServices.framework/Versions/A/Frameworks/ATS.framework/Versions/A/Resources/libFontRegistry.dylib
0x00007fff2b953000 	/System/Library/PrivateFrameworks/FontServices.framework/libhvf.dylib
0x00007fff2b313000 	/System/Library/PrivateFrameworks/AppleVA.framework/Versions/A/AppleVA
0x00007fff2d061000 	/System/Library/Frameworks/ApplicationServices.framework/Versions/A/Frameworks/ATS.framework/Versions/A/ATS
0x00007fff2d373000 	/System/Library/Frameworks/ApplicationServices.framework/Versions/A/Frameworks/ColorSyncLegacy.framework/Versions/A/ColorSyncLegacy
0x00007fff25634000 	/System/Library/Frameworks/ApplicationServices.framework/Versions/A/Frameworks/HIServices.framework/Versions/A/HIServices
0x00007fff2d358000 	/System/Library/Frameworks/ApplicationServices.framework/Versions/A/Frameworks/LangAnalysis.framework/Versions/A/LangAnalysis
0x00007fff2c02d000 	/System/Library/Frameworks/ApplicationServices.framework/Versions/A/Frameworks/PrintCore.framework/Versions/A/PrintCore
0x00007fff2d37b000 	/System/Library/Frameworks/ApplicationServices.framework/Versions/A/Frameworks/QD.framework/Versions/A/QD
0x00007fff2d051000 	/System/Library/Frameworks/ApplicationServices.framework/Versions/A/Frameworks/SpeechSynthesis.framework/Versions/A/SpeechSynthesis
0x00007fff2bfee000 	/System/Library/Frameworks/ApplicationServices.framework/Versions/A/Frameworks/ATSUI.framework/Versions/A/ATSUI
0x00007fff2d2f8000 	/usr/lib/libcups.2.dylib
0x00007fff2d368000 	/System/Library/PrivateFrameworks/NetAuth.framework/Versions/A/NetAuth
0x00007fff2da12000 	/System/Library/Frameworks/Kerberos.framework/Versions/A/Kerberos
0x00007fff2da22000 	/System/Library/Frameworks/GSS.framework/Versions/A/GSS
0x00007fff2d0cd000 	/usr/lib/libresolv.9.dylib
0x00007fff2b968000 	/System/Library/PrivateFrameworks/Heimdal.framework/Versions/A/Heimdal
0x00007fff33799000 	/System/Library/Frameworks/Kerberos.framework/Versions/A/Libraries/libHeimdalProxy.dylib
0x00007fff26223000 	/System/Library/Frameworks/Network.framework/Versions/A/Network
0x00007fff2b381000 	/usr/lib/libheimdal-asn1.dylib
0x00007fff2da72000 	/System/Library/PrivateFrameworks/CommonAuth.framework/Versions/A/CommonAuth
0x00007fff2756c000 	/System/Library/PrivateFrameworks/login.framework/Versions/A/Frameworks/loginsupport.framework/Versions/A/loginsupport
0x00007fff2cfd6000 	/System/Library/PrivateFrameworks/AudioSession.framework/Versions/A/AudioSession
0x00007fff2d03e000 	/usr/lib/libAudioStatistics.dylib
0x00007fff2b40e000 	/System/Library/PrivateFrameworks/MediaExperience.framework/Versions/A/MediaExperience
0x00007fff2ce73000 	/System/Library/PrivateFrameworks/AudioSession.framework/libSessionUtility.dylib
0x00007fff2da03000 	/usr/lib/libperfcheck.dylib
0x00007fff2d387000 	/System/Library/PrivateFrameworks/AudioResourceArbitration.framework/Versions/A/AudioResourceArbitration
0x00007fff2b38b000 	/System/Library/PrivateFrameworks/IconFoundation.framework/Versions/A/IconFoundation
0x00007fff2fea9000 	/System/Library/PrivateFrameworks/SpeechRecognitionCore.framework/Versions/A/SpeechRecognitionCore
0x000000010f800000 	/Users/yeochinyi/.sdkman/candidates/java/13.0.2.hs-adpt/lib/server/libjvm.dylib
0x00007fff78a17000 	/usr/lib/libstdc++.6.dylib
0x000000010b0fd000 	/Users/yeochinyi/.sdkman/candidates/java/13.0.2.hs-adpt/lib/libverify.dylib
0x000000010b11d000 	/Users/yeochinyi/.sdkman/candidates/java/13.0.2.hs-adpt/lib/libjava.dylib
0x000000010b1b7000 	/Users/yeochinyi/.sdkman/candidates/java/13.0.2.hs-adpt/lib/libzip.dylib
0x000000010b1ce000 	/Users/yeochinyi/.sdkman/candidates/java/13.0.2.hs-adpt/lib/libjimage.dylib
0x000000012ea96000 	/Users/yeochinyi/.sdkman/candidates/java/13.0.2.hs-adpt/lib/libnio.dylib
0x000000012eabd000 	/Users/yeochinyi/.sdkman/candidates/java/13.0.2.hs-adpt/lib/libnet.dylib
0x000000012ed09000 	/Users/yeochinyi/.sdkman/candidates/java/13.0.2.hs-adpt/lib/libextnet.dylib


VM Arguments:
jvm_args: -Dorg.gradle.native=false -Xmx512m -Dfile.encoding=UTF-8 -Duser.country=GB -Duser.language=en -Duser.variant -ea 
java_command: worker.org.gradle.process.internal.worker.GradleWorkerMain 'Gradle Test Executor 5'
java_class_path (initial): /Users/yeochinyi/.gradle/caches/6.0.1/workerMain/gradle-worker.jar:/Users/yeochinyi/workspace/code/codetest/exercism/kotlin/sum-of-multiples/build/classes/java/test:/Users/yeochinyi/workspace/code/codetest/exercism/kotlin/sum-of-multiples/build/classes/kotlin/test:/Users/yeochinyi/workspace/code/codetest/exercism/kotlin/sum-of-multiples/build/resources/test:/Users/yeochinyi/workspace/code/codetest/exercism/kotlin/sum-of-multiples/build/classes/java/main:/Users/yeochinyi/workspace/code/codetest/exercism/kotlin/sum-of-multiples/build/classes/kotlin/main:/Users/yeochinyi/workspace/code/codetest/exercism/kotlin/sum-of-multiples/build/resources/main:/Users/yeochinyi/.gradle/caches/modules-2/files-2.1/org.jetbrains.kotlin/kotlin-test-junit/1.3.60/1e97731f2a360b2b6f5295a27c7e1004fc131f7e/kotlin-test-junit-1.3.60.jar:/Users/yeochinyi/.gradle/caches/modules-2/files-2.1/org.jetbrains.kotlin/kotlin-test/1.3.60/b1d0bfb54deff1d7d55ed797cec5d074625c78a1/kotlin-test-1.3.60.jar:/Users/yeochinyi/.gradle/caches/modules-2/files-2.1/org.jetbrains.kotlin/kotlin-stdlib/1.3.60/984644b61450add3bcef8cf20f948fec458b420d/kotlin-stdlib-1.3.60.jar:/Users/yeochinyi/.gradle/caches/modules-2/files-2.1/junit/junit/4.12/2973d150c0dc1fefe998f834810d68f278ea58ec/junit-4.12.jar:/Users/yeochinyi/.gradle/caches/modules-2/files-2.1/org.jetbrains.kotlin/kotlin-test-annotations-common/1.3.60/accf68f7dae79910118f63e7eadeadc7e3105c82/kotlin-test-annotations-common-1.3.60.jar:/Users/yeochinyi/.gradle/caches/modules-2/files-2.1/org.jetbrains.kotlin/kotlin-test-common/1.3.60/c02b92fd2d3de4baa8b66e18ab24e7196f3f337/kotlin-test-common-1.3.60.jar:/Users/yeochinyi/.gradle/caches/modules-2/files-2.1/org.jetbrains.kotlin/kotlin-stdlib-common/1.3.60/538bd29b2d5a7d278a7188f89c3b84183fa37f75/kotlin-stdlib-common-1.3.60.jar:/Users/yeochinyi/.gradle/caches/modules-2/files-2.1/org.jetbrains/annotations/13.0/919f0dfe192fb4e063e7dacadee7f8bb9a2672a9/annotations-13.0.jar:/Users/yeochinyi/.gradle/ca
Launcher Type: SUN_STANDARD

[Global flags]
     intx CICompilerCount                          = 4                                         {product} {ergonomic}
     uint ConcGCThreads                            = 2                                         {product} {ergonomic}
     uint G1ConcRefinementThreads                  = 8                                         {product} {ergonomic}
   size_t G1HeapRegionSize                         = 1048576                                   {product} {ergonomic}
    uintx GCDrainStackTargetSize                   = 64                                        {product} {ergonomic}
   size_t InitialHeapSize                          = 268435456                                 {product} {ergonomic}
   size_t MarkStackSize                            = 4194304                                   {product} {ergonomic}
   size_t MaxHeapSize                              = 536870912                                 {product} {command line}
   size_t MaxNewSize                               = 321912832                                 {product} {ergonomic}
   size_t MinHeapDeltaBytes                        = 1048576                                   {product} {ergonomic}
   size_t MinHeapSize                              = 8388608                                   {product} {ergonomic}
    uintx NonNMethodCodeHeapSize                   = 5839372                                {pd product} {ergonomic}
    uintx NonProfiledCodeHeapSize                  = 122909434                              {pd product} {ergonomic}
    uintx ProfiledCodeHeapSize                     = 122909434                              {pd product} {ergonomic}
    uintx ReservedCodeCacheSize                    = 251658240                              {pd product} {ergonomic}
     bool SegmentedCodeCache                       = true                                      {product} {ergonomic}
   size_t SoftMaxHeapSize                          = 536870912                              {manageable} {ergonomic}
     bool UseCompressedClassPointers               = true                                 {lp64_product} {ergonomic}
     bool UseCompressedOops                        = true                                 {lp64_product} {ergonomic}
     bool UseG1GC                                  = true                                      {product} {ergonomic}

Logging:
Log output configuration:
 #0: stdout all=warning uptime,level,tags
 #1: stderr all=off uptime,level,tags

Environment Variables:
JAVA_HOME=/Users/yeochinyi/.sdkman/candidates/java/current
PATH=/Users/yeochinyi/.gvm/bin:/opt/homebrew/bin:/usr/local/bin:/usr/bin:/bin:/usr/sbin:/sbin:/Library/Apple/usr/bin:/Users/yeochinyi/Library/Application Support/cloud-code/installer/google-cloud-sdk/bin:/Users/yeochinyi/.gvm/bin:/Users/yeochinyi/.sdkman/candidates/maven/current/bin:/Users/yeochinyi/.sdkman/candidates/java/current/bin:/Users/yeochinyi/.sdkman/candidates/gradle/current/bin:/opt/homebrew/bin:/Users/yeochinyi/.cargo/bin
SHELL=/bin/zsh

Signal Handlers:
SIGSEGV: [libjvm.dylib+0x7e3d3a], sa_mask[0]=11111111111111111111111111111111, sa_flags=SA_ONSTACK|SA_RESTART|SA_SIGINFO
SIGBUS: [libjvm.dylib+0x7e3d3a], sa_mask[0]=11111111111111111111111111111111, sa_flags=SA_RESTART|SA_SIGINFO
SIGFPE: [libjvm.dylib+0x7e3d3a], sa_mask[0]=11111111111111111111111111111111, sa_flags=SA_RESTART|SA_SIGINFO
SIGPIPE: [libjvm.dylib+0x624dc5], sa_mask[0]=11111111111111111111111111111111, sa_flags=SA_RESTART|SA_SIGINFO
SIGXFSZ: [libjvm.dylib+0x624dc5], sa_mask[0]=11111111111111111111111111111111, sa_flags=SA_RESTART|SA_SIGINFO
SIGILL: [libjvm.dylib+0x7e3d3a], sa_mask[0]=11111111111111111111111111111111, sa_flags=SA_RESTART|SA_SIGINFO
SIGUSR2: [libjvm.dylib+0x6253ab], sa_mask[0]=00100000000000000000000000000000, sa_flags=SA_RESTART|SA_SIGINFO
SIGHUP: [libjvm.dylib+0x6243a5], sa_mask[0]=11111111111111111111111111111111, sa_flags=SA_RESTART|SA_SIGINFO
SIGINT: [libjvm.dylib+0x6243a5], sa_mask[0]=11111111111111111111111111111111, sa_flags=SA_RESTART|SA_SIGINFO
SIGTERM: [libjvm.dylib+0x6243a5], sa_mask[0]=11111111111111111111111111111111, sa_flags=SA_RESTART|SA_SIGINFO
SIGQUIT: [libjvm.dylib+0x6243a5], sa_mask[0]=11111111111111111111111111111111, sa_flags=SA_RESTART|SA_SIGINFO


---------------  S Y S T E M  ---------------

OS:uname:Darwin 20.2.0 Darwin Kernel Version 20.2.0: Wed Dec  2 20:40:21 PST 2020; root:xnu-7195.60.75~1/RELEASE_ARM64_T8101 x86_64
rlimit: STACK 8176k, CORE 0k, NPROC 2666, NOFILE 10240, AS infinity, DATA infinity, FSIZE infinity
load average:4.62 4.58 4.73

CPU:total 8 (initial active 8) (1 cores per cpu, 1 threads per core) family 6 model 44 stepping 0, cmov, cx8, fxsr, mmx, sse, sse2, sse3, ssse3, sse4.1, sse4.2, popcnt, aes, clmul, tsc, tscinvbit, tscinv

Memory: 4k page, physical 16777216k(215908k free), swap 7340032k(413440k free)

vm_info: OpenJDK 64-Bit Server VM (13.0.2+8) for bsd-amd64 JRE (13.0.2+8), built on Jan 17 2020 21:45:00 by "jenkins" with clang 4.2.1 Compatible Apple LLVM 9.0.0 (clang-900.0.39.2)

END.
