Arguments: 
  /opt/homebrew/Cellar/node@16/16.17.0_1/bin/node /opt/homebrew/Cellar/yarn/1.22.19/libexec/bin/yarn.js install

PATH: 
  /Users/yeochinyi/.rbenv/shims/:/opt/homebrew/opt/node@16/bin:/Users/yeochinyi/.local/bin:/Users/yeochinyi/.node_modules_global/bin:/Users/yeochinyi/Library/Android/sdk/cmdline-tools/latest/bin:/Users/yeochinyi/Library/Android/sdk/tools:/Users/yeochinyi/Library/pnpm:/Users/yeochinyi/.bun/bin:/Users/yeochinyi/script:/opt/homebrew/bin:/opt/homebrew/Cellar/node/18.6.0/bin:/Users/yeochinyi/go/bin:/Users/yeochinyi/.wasmtime/bin:.git/safe/../../bin:/Users/yeochinyi/.bin:/usr/local/sbin:/opt/local/bin:/opt/local/sbin:/usr/local/bin:/usr/bin:/bin:/usr/sbin:/sbin:/Library/Apple/usr/bin:/Users/yeochinyi/.sdkman/candidates/maven/current/bin:/Users/yeochinyi/.sdkman/candidates/kotlin/current/bin:/Users/yeochinyi/.sdkman/candidates/java/current/bin:/Users/yeochinyi/.sdkman/candidates/groovy/current/bin:/Users/yeochinyi/.sdkman/candidates/gradle/current/bin:/Users/yeochinyi/.cargo/bin:/Users/yeochinyi/.fig/bin:/Users/yeochinyi/.fzf/bin:/Users/yeochinyi/.cabal/bin:/Users/yeochinyi/.ghcup/bin:/Users/yeochinyi/.pub-cache/bin

Yarn version: 
  1.22.19

Node version: 
  16.17.0

Platform: 
  darwin arm64

Trace: 
  Error: ENOENT: no such file or directory, copyfile '/Users/yeochinyi/Library/Caches/Yarn/v6/npm-globals-13.17.0-902eb1e680a41da93945adbdcb5a9f361ba69bd4-integrity/node_modules/globals/globals.json' -> '/Users/yeochinyi/workspace/learn/lang/learn-code/exercism/typescript/resistor-color-duo/node_modules/@eslint/eslintrc/node_modules/globals/globals.json'

npm manifest: 
  {
    "name": "@exercism/typescript-resistor-color-duo",
    "version": "1.0.0",
    "description": "Exercism exercises in Typescript.",
    "private": true,
    "repository": {
      "type": "git",
      "url": "https://github.com/exercism/typescript"
    },
    "type": "module",
    "engines": {
      "node": "^14.13.1 || >=16.0.0"
    },
    "devDependencies": {
      "@exercism/babel-preset-typescript": "^0.1.0",
      "@exercism/eslint-config-typescript": "^0.4.1",
      "@types/jest": "^27.4.0",
      "@types/node": "^16.11.24",
      "babel-jest": "^27.5.1",
      "core-js": "^3.21.0",
      "eslint": "^8.9.0",
      "jest": "^27.5.1",
      "typescript": "^4.5.4"
    },
    "scripts": {
      "test": "yarn lint:types && jest --no-cache",
      "lint": "yarn lint:types && yarn lint:ci",
      "lint:types": "yarn tsc --noEmit -p .",
      "lint:ci": "eslint . --ext .tsx,.ts"
    }
  }

yarn manifest: 
  No manifest

Lockfile: 
  No lockfile
